49.0 APEX_CODE,FINEST;APEX_PROFILING,FINEST;CALLOUT,FINEST;DB,FINEST;NBA,INFO;SYSTEM,FINE;VALIDATION,INFO;VISUALFORCE,FINER;WAVE,FINEST;WORKFLOW,FINER
16:42:18.0 (233818)|USER_INFO|[EXTERNAL]|0051n000004JSTA|customfr@psa-finance.force.com.bugfix|(GMT+00:00) heure moyenne de Greenwich (GMT)|GMTZ
16:42:18.0 (289018)|EXECUTION_STARTED
16:42:18.0 (296167)|CODE_UNIT_STARTED|[EXTERNAL]|Aura
16:42:18.0 (964261)|CODE_UNIT_STARTED|[EXTERNAL]|01p0Y00000Odl9V|LightningSelfRegisterController.getProfileName()
16:42:18.0 (1139176)|VARIABLE_SCOPE_BEGIN|[3]|LightningSelfRegisterController.CLASS_NAME|String|false|true
16:42:18.0 (1190171)|VARIABLE_SCOPE_BEGIN|[6]|LightningSelfRegisterController.ERROR_ANONYMOUS_EXISTS|String|false|true
16:42:18.0 (1204644)|VARIABLE_SCOPE_BEGIN|[5]|LightningSelfRegisterController.ERROR_CUSTOMER_EXISTS|String|false|true
16:42:18.0 (1234019)|VARIABLE_SCOPE_BEGIN|[8]|LightningSelfRegisterController.SEND_WELCOME_MAIL_SEND|String|false|true
16:42:18.0 (1386407)|HEAP_ALLOCATE|[79]|Bytes:3
16:42:18.0 (1430816)|HEAP_ALLOCATE|[84]|Bytes:152
16:42:18.0 (1455254)|HEAP_ALLOCATE|[399]|Bytes:408
16:42:18.0 (1481744)|HEAP_ALLOCATE|[412]|Bytes:408
16:42:18.0 (1506504)|HEAP_ALLOCATE|[520]|Bytes:48
16:42:18.0 (1544822)|HEAP_ALLOCATE|[139]|Bytes:6
16:42:18.0 (1567359)|HEAP_ALLOCATE|[EXTERNAL]|Bytes:42
16:42:18.0 (1577790)|HEAP_ALLOCATE|[EXTERNAL]|Bytes:28
16:42:18.0 (1585844)|HEAP_ALLOCATE|[EXTERNAL]|Bytes:5
16:42:18.0 (1595350)|HEAP_ALLOCATE|[EXTERNAL]|Bytes:22
16:42:18.0 (1674727)|VARIABLE_ASSIGNMENT|[EXTERNAL]|LightningSelfRegisterController.ERROR_ANONYMOUS_EXISTS|"ERROR:ANONYMOUS_EXIS (2 more) ..."
16:42:18.0 (1686737)|HEAP_ALLOCATE|[EXTERNAL]|Bytes:21
16:42:18.0 (1703106)|VARIABLE_ASSIGNMENT|[EXTERNAL]|LightningSelfRegisterController.ERROR_CUSTOMER_EXISTS|"ERROR:CUSTOMER_EXIST (1 more) ..."
16:42:18.0 (1712116)|HEAP_ALLOCATE|[EXTERNAL]|Bytes:4
16:42:18.0 (1724847)|VARIABLE_ASSIGNMENT|[EXTERNAL]|LightningSelfRegisterController.SEND_WELCOME_MAIL_SEND|"SEND"
16:42:18.0 (1745363)|METHOD_ENTRY|[1]|01p0Y00000Odl9V|LightningSelfRegisterController.LightningSelfRegisterController()
16:42:18.0 (1760109)|STATEMENT_EXECUTE|[1]
16:42:18.0 (1767625)|STATEMENT_EXECUTE|[1]
16:42:18.0 (1771224)|STATEMENT_EXECUTE|[3]
16:42:18.0 (1776647)|HEAP_ALLOCATE|[3]|Bytes:31
16:42:18.0 (1829414)|HEAP_ALLOCATE|[52]|Bytes:5
16:42:18.0 (1868533)|HEAP_ALLOCATE|[58]|Bytes:5
16:42:18.0 (1882587)|HEAP_ALLOCATE|[66]|Bytes:7
16:42:18.0 (2059428)|HEAP_ALLOCATE|[3]|Bytes:30
16:42:18.0 (2103282)|SYSTEM_METHOD_ENTRY|[1]|Type.Type()
16:42:18.0 (2114012)|STATEMENT_EXECUTE|[1]
16:42:18.0 (2135117)|SYSTEM_METHOD_EXIT|[1]|Type
16:42:18.0 (2146454)|HEAP_ALLOCATE|[3]|Bytes:8
16:42:18.0 (2180916)|HEAP_ALLOCATE|[3]|Bytes:8
16:42:18.0 (2192934)|VARIABLE_SCOPE_BEGIN|[4]|this|System.Type|true|false
16:42:18.0 (2256374)|VARIABLE_ASSIGNMENT|[4]|this|{}|0x76fd658a
16:42:18.0 (2266240)|VARIABLE_SCOPE_BEGIN|[4]|apextype|java:common.apex.runtime.ApexObjectType|true|false
16:42:18.0 (2630624)|VARIABLE_ASSIGNMENT|[4]|apextype|"LightningSelfRegisterController"|0x48c99d2b
16:42:18.0 (4098617)|HEAP_ALLOCATE|[3]|Bytes:8
16:42:18.0 (4146571)|METHOD_ENTRY|[3]||System.Type.getName()
16:42:18.0 (4235256)|METHOD_EXIT|[3]||System.Type.getName()
16:42:18.0 (4271769)|VARIABLE_ASSIGNMENT|[3]|LightningSelfRegisterController.CLASS_NAME|"LightningSelfRegiste (11 more) ..."
16:42:18.0 (4283245)|STATEMENT_EXECUTE|[10]
16:42:18.0 (4287574)|STATEMENT_EXECUTE|[234]
16:42:18.0 (4297134)|METHOD_EXIT|[1]|LightningSelfRegisterController
16:42:18.0 (4317862)|SYSTEM_MODE_ENTER|false
16:42:18.0 (4331883)|STATEMENT_EXECUTE|[243]
16:42:18.0 (4335625)|STATEMENT_EXECUTE|[244]
16:42:18.0 (4342411)|HEAP_ALLOCATE|[244]|Bytes:44
16:42:18.0 (4421253)|HEAP_ALLOCATE|[244]|Bytes:4
16:42:18.0 (4443071)|HEAP_ALLOCATE|[244]|Bytes:7
16:42:18.0 (4502550)|HEAP_ALLOCATE|[244]|Bytes:97
16:42:18.0 (4518775)|SYSTEM_METHOD_ENTRY|[1]|UserInfo.UserInfo()
16:42:18.0 (4526268)|STATEMENT_EXECUTE|[1]
16:42:18.0 (4535521)|SYSTEM_METHOD_EXIT|[1]|UserInfo
16:42:18.0 (4552292)|METHOD_ENTRY|[244]||System.UserInfo.getProfileId()
16:42:18.0 (4621944)|METHOD_EXIT|[244]||System.UserInfo.getProfileId()
16:42:18.0 (5161943)|SOQL_EXECUTE_BEGIN|[244]|Aggregations:0|SELECT Name FROM Profile WHERE Id = :tmpVar1
16:42:18.0 (5190615)|LIMIT_USAGE|[244]|SOQL|1|100
16:42:18.0 (5216399)|LIMIT_USAGE|[244]|AGGS|0|300
16:42:18.0 (10409675)|SOQL_EXECUTE_EXPLAIN|[244]|TableScan on Profile : [], cardinality: 1, sobjectCardinality: 56, relativeCost 0.647
16:42:18.0 (10429662)|SOQL_EXECUTE_END|[244]|Rows:1
16:42:18.0 (10447215)|LIMIT_USAGE|[244]|SOQL_ROWS|1|50000
16:42:18.0 (10479061)|HEAP_ALLOCATE|[244]|Bytes:8
16:42:18.0 (10526986)|HEAP_ALLOCATE|[244]|Bytes:53
16:42:18.0 (10684208)|HEAP_ALLOCATE|[244]|Bytes:8
16:42:18.0 (10709058)|HEAP_ALLOCATE|[244]|Bytes:33
16:42:18.0 (10825489)|HEAP_ALLOCATE|[244]|Bytes:12
16:42:18.0 (10888467)|SYSTEM_MODE_EXIT|false
16:42:18.10 (10938660)|CUMULATIVE_LIMIT_USAGE
16:42:18.10 (10938660)|LIMIT_USAGE_FOR_NS|(default)|
  Number of SOQL queries: 1 out of 100
  Number of query rows: 1 out of 50000
  Number of SOSL queries: 0 out of 20
  Number of DML statements: 0 out of 150
  Number of DML rows: 0 out of 10000
  Maximum CPU time: 0 out of 10000
  Maximum heap size: 0 out of 6000000
  Number of callouts: 0 out of 100
  Number of Email Invocations: 0 out of 10
  Number of future calls: 0 out of 50
  Number of queueable jobs added to the queue: 0 out of 50
  Number of Mobile Apex push calls: 0 out of 10

16:42:18.10 (10938660)|TOTAL_EMAIL_RECIPIENTS_QUEUED|0
16:42:18.10 (10938660)|STATIC_VARIABLE_LIST|
  int:BYTES:0
  int:BYTES:0
  byte[]:DigitOnes:0
  byte[]:DigitTens:0
  Boolean:FALSE:0
  int:MAX_EXPONENT:0
  double:MAX_VALUE:0
  int:MAX_VALUE:0
  int:MIN_EXPONENT:0
  double:MIN_NORMAL:0
  double:MIN_VALUE:0
  int:MIN_VALUE:0
  double:NEGATIVE_INFINITY:0
  double:NaN:0
  double:POSITIVE_INFINITY:0
  int:SIZE:0
  int:SIZE:0
  Boolean:TRUE:0
  String:__sfdcInnerTypes:0
  String:_sfdcAdditionalCodeLocations:0
  String:_sfdcAdditionalCodeLocations:0
  String:_sfdcAdditionalCodeLocations:0
  String:_sfdcAdditionalCodeLocations:0
  String:_sfdcSuppressedCodeLocations:0
  String:_static_CLASS_NAME:0
  String:_static_ERROR_ANONYMOUS_EXISTS:0
  String:_static_ERROR_CUSTOMER_EXISTS:0
  String:_static_SEND_WELCOME_MAIL_SEND:0
  char[]:digits:0
  long:serialVersionUID:0
  long:serialVersionUID:0
  long:serialVersionUID:0
  int[]:sizeTable:0

16:42:18.10 (10938660)|CUMULATIVE_LIMIT_USAGE_END

16:42:18.0 (11107777)|CODE_UNIT_FINISHED|LightningSelfRegisterController.getProfileName()
16:42:18.0 (11307719)|CODE_UNIT_FINISHED|Aura
16:42:18.0 (11323062)|EXECUTION_FINISHED
16:42:18.14 (14383740)|CUMULATIVE_PROFILING_BEGIN
16:42:18.14 (14383740)|CUMULATIVE_PROFILING|No profiling information for SOQL operations
16:42:18.14 (14383740)|CUMULATIVE_PROFILING|No profiling information for SOSL operations
16:42:18.14 (14383740)|CUMULATIVE_PROFILING|No profiling information for DML operations
16:42:18.14 (14383740)|CUMULATIVE_PROFILING|No profiling information for method invocations
16:42:18.14 (14383740)|CUMULATIVE_PROFILING_END
