49.0 APEX_CODE,FINEST;APEX_PROFILING,FINEST;CALLOUT,FINEST;DB,FINEST;NBA,INFO;SYSTEM,FINE;VALIDATION,INFO;VISUALFORCE,FINER;WAVE,FINEST;WORKFLOW,FINER
16:42:15.0 (472263)|USER_INFO|[EXTERNAL]|0051n000004JSTA|customfr@psa-finance.force.com.bugfix|(GMT+00:00) heure moyenne de Greenwich (GMT)|GMTZ
16:42:15.0 (529162)|EXECUTION_STARTED
16:42:15.0 (536764)|CODE_UNIT_STARTED|[EXTERNAL]|Aura
16:42:15.0 (4646348)|CODE_UNIT_STARTED|[EXTERNAL]|01p1n00000PV6c0|SC049_GenericLogin.getInfo(String, String, String, String, String, String, String)
16:42:15.0 (4804039)|VARIABLE_SCOPE_BEGIN|[7]|SC049_GenericLogin.CLASS_NAME|String|false|true
16:42:15.0 (5153483)|HEAP_ALLOCATE|[79]|Bytes:3
16:42:15.0 (5214868)|HEAP_ALLOCATE|[84]|Bytes:152
16:42:15.0 (5242282)|HEAP_ALLOCATE|[399]|Bytes:408
16:42:15.0 (5268884)|HEAP_ALLOCATE|[412]|Bytes:408
16:42:15.0 (5291919)|HEAP_ALLOCATE|[520]|Bytes:48
16:42:15.0 (5334538)|HEAP_ALLOCATE|[139]|Bytes:6
16:42:15.0 (5356899)|HEAP_ALLOCATE|[EXTERNAL]|Bytes:4
16:42:15.0 (5363865)|HEAP_ALLOCATE|[EXTERNAL]|Bytes:5
16:42:15.0 (5383108)|METHOD_ENTRY|[5]|01p1n00000PV6c0|SC049_GenericLogin.SC049_GenericLogin()
16:42:15.0 (5396859)|STATEMENT_EXECUTE|[5]
16:42:15.0 (5408344)|STATEMENT_EXECUTE|[5]
16:42:15.0 (5449429)|HEAP_ALLOCATE|[52]|Bytes:5
16:42:15.0 (5487505)|HEAP_ALLOCATE|[58]|Bytes:5
16:42:15.0 (5501476)|HEAP_ALLOCATE|[66]|Bytes:7
16:42:15.0 (5523054)|SYSTEM_MODE_ENTER|true
16:42:15.0 (5545733)|HEAP_ALLOCATE|[7]|Bytes:5
16:42:15.0 (5554486)|STATEMENT_EXECUTE|[7]
16:42:15.0 (5560876)|HEAP_ALLOCATE|[7]|Bytes:18
16:42:15.0 (5682205)|HEAP_ALLOCATE|[7]|Bytes:30
16:42:15.0 (5701333)|SYSTEM_METHOD_ENTRY|[1]|Type.Type()
16:42:15.0 (5708754)|STATEMENT_EXECUTE|[1]
16:42:15.0 (5722328)|SYSTEM_METHOD_EXIT|[1]|Type
16:42:15.0 (5734140)|HEAP_ALLOCATE|[7]|Bytes:8
16:42:15.0 (5756981)|HEAP_ALLOCATE|[7]|Bytes:8
16:42:15.0 (5769306)|VARIABLE_SCOPE_BEGIN|[4]|this|System.Type|true|false
16:42:15.0 (5864086)|VARIABLE_ASSIGNMENT|[4]|this|{}|0x3da9b22
16:42:15.0 (5882129)|VARIABLE_SCOPE_BEGIN|[4]|apextype|java:common.apex.runtime.ApexObjectType|true|false
16:42:15.0 (6422162)|VARIABLE_ASSIGNMENT|[4]|apextype|"SC049_GenericLogin"|0x2d82833c
16:42:15.0 (37019084)|HEAP_ALLOCATE|[7]|Bytes:8
16:42:15.0 (37078038)|METHOD_ENTRY|[7]||System.Type.getName()
16:42:15.0 (37217602)|METHOD_EXIT|[7]||System.Type.getName()
16:42:15.0 (37262196)|VARIABLE_ASSIGNMENT|[7]|SC049_GenericLogin.CLASS_NAME|"SC049_GenericLogin"
16:42:15.0 (37275903)|STATEMENT_EXECUTE|[126]
16:42:15.0 (37289346)|SYSTEM_MODE_EXIT|true
16:42:15.0 (37873377)|METHOD_EXIT|[5]|SC049_GenericLogin
16:42:15.0 (37889899)|HEAP_ALLOCATE|[EXTERNAL]|Bytes:18
16:42:15.0 (37899026)|HEAP_ALLOCATE|[EXTERNAL]|Bytes:2
16:42:15.0 (37905760)|HEAP_ALLOCATE|[EXTERNAL]|Bytes:2
16:42:15.0 (37910201)|HEAP_ALLOCATE|[EXTERNAL]|Bytes:2
16:42:15.0 (37916593)|HEAP_ALLOCATE|[EXTERNAL]|Bytes:2
16:42:15.0 (37923205)|HEAP_ALLOCATE|[EXTERNAL]|Bytes:34
16:42:15.0 (37930357)|HEAP_ALLOCATE|[EXTERNAL]|Bytes:63
16:42:15.0 (37948242)|SYSTEM_MODE_ENTER|false
16:42:15.0 (37970399)|VARIABLE_SCOPE_BEGIN|[10]|pTech_Lead_Id|String|false|false
16:42:15.0 (37998430)|VARIABLE_ASSIGNMENT|[10]|pTech_Lead_Id|"a0M1w000001fsAYEAY"
16:42:15.0 (38008650)|VARIABLE_SCOPE_BEGIN|[10]|pBrand|String|false|false
16:42:15.0 (38027086)|VARIABLE_ASSIGNMENT|[10]|pBrand|"AC"
16:42:15.0 (38035780)|VARIABLE_SCOPE_BEGIN|[10]|pLanguage|String|false|false
16:42:15.0 (38050151)|VARIABLE_ASSIGNMENT|[10]|pLanguage|"fr"
16:42:15.0 (38060023)|VARIABLE_SCOPE_BEGIN|[10]|pCount|String|false|false
16:42:15.0 (38075253)|VARIABLE_ASSIGNMENT|[10]|pCount|"FR"
16:42:15.0 (38084931)|VARIABLE_SCOPE_BEGIN|[10]|pSiteId|String|false|false
16:42:15.0 (38099885)|VARIABLE_ASSIGNMENT|[10]|pSiteId|"23"
16:42:15.0 (38107573)|VARIABLE_SCOPE_BEGIN|[10]|pUrlDns|String|false|false
16:42:15.0 (38139196)|VARIABLE_ASSIGNMENT|[10]|pUrlDns|"bugfix-psa-finance.c (14 more) ..."
16:42:15.0 (38152654)|VARIABLE_SCOPE_BEGIN|[10]|pToken|String|false|false
16:42:15.0 (38172165)|VARIABLE_ASSIGNMENT|[10]|pToken|"b46b7ae8c71f363fd71b (43 more) ..."
16:42:15.0 (38188664)|SYSTEM_MODE_ENTER|true
16:42:15.0 (38206896)|HEAP_ALLOCATE|[12]|Bytes:5
16:42:15.0 (38217564)|STATEMENT_EXECUTE|[11]
16:42:15.0 (38226881)|STATEMENT_EXECUTE|[12]
16:42:15.0 (38232553)|HEAP_ALLOCATE|[12]|Bytes:7
16:42:15.0 (38252857)|VARIABLE_SCOPE_BEGIN|[12]|methodName|String|false|false
16:42:15.0 (38283411)|VARIABLE_ASSIGNMENT|[12]|methodName|"getInfo"
16:42:15.0 (38295713)|STATEMENT_EXECUTE|[13]
16:42:15.0 (38309477)|HEAP_ALLOCATE|[13]|Bytes:16
16:42:15.0 (38316163)|HEAP_ALLOCATE|[14]|Bytes:12
16:42:15.0 (38324632)|HEAP_ALLOCATE|[14]|Bytes:15
16:42:15.0 (38356939)|HEAP_ALLOCATE|[13]|Bytes:65
16:42:15.0 (38367759)|HEAP_ALLOCATE|[14]|Bytes:12
16:42:15.0 (38378221)|HEAP_ALLOCATE|[15]|Bytes:13
16:42:15.0 (38389965)|HEAP_ALLOCATE|[15]|Bytes:13
16:42:15.0 (38404907)|HEAP_ALLOCATE|[13]|Bytes:76
16:42:15.0 (38432179)|HEAP_ALLOCATE|[15]|Bytes:11
16:42:15.0 (38450426)|HEAP_ALLOCATE|[13]|Bytes:74
16:42:15.0 (38467008)|HEAP_ALLOCATE|[13]|Bytes:215
16:42:15.0 (39543702)|VARIABLE_SCOPE_BEGIN|[6]|ObjectUtil.CLASS_NAME|String|false|true
16:42:15.0 (39857808)|VARIABLE_SCOPE_BEGIN|[1081]|ObjectUtil.mdtMockDockingMandatoryFields|Docking_Mandatory_Fields__mdt|true|true
16:42:15.0 (39895382)|VARIABLE_SCOPE_BEGIN|[7]|ObjectUtil.schemaMap|Map<String,Schema.SObjectType>|true|true
16:42:15.0 (39933177)|HEAP_ALLOCATE|[13]|Bytes:4
16:42:15.0 (39989659)|HEAP_ALLOCATE|[13]|Bytes:296
16:42:15.0 (40054366)|HEAP_ALLOCATE|[13]|Bytes:63
16:42:15.0 (40083934)|METHOD_ENTRY|[5]|01p0Y00000Odl9g|ObjectUtil.ObjectUtil()
16:42:15.0 (40097990)|STATEMENT_EXECUTE|[5]
16:42:15.0 (40106332)|STATEMENT_EXECUTE|[5]
16:42:15.0 (40110380)|STATEMENT_EXECUTE|[6]
16:42:15.0 (40128624)|HEAP_ALLOCATE|[6]|Bytes:10
16:42:15.0 (40245382)|HEAP_ALLOCATE|[6]|Bytes:8
16:42:15.0 (40268363)|HEAP_ALLOCATE|[6]|Bytes:8
16:42:15.0 (40280264)|VARIABLE_SCOPE_BEGIN|[4]|this|System.Type|true|false
16:42:15.0 (40342465)|VARIABLE_ASSIGNMENT|[4]|this|{}|0x18e3098b
16:42:15.0 (40360343)|VARIABLE_SCOPE_BEGIN|[4]|apextype|java:common.apex.runtime.ApexObjectType|true|false
16:42:15.0 (40621829)|VARIABLE_ASSIGNMENT|[4]|apextype|"ObjectUtil"|0x3766227d
16:42:15.0 (40713454)|HEAP_ALLOCATE|[6]|Bytes:8
16:42:15.0 (40751228)|METHOD_ENTRY|[6]||System.Type.getName()
16:42:15.0 (40834942)|METHOD_EXIT|[6]||System.Type.getName()
16:42:15.0 (40869383)|VARIABLE_ASSIGNMENT|[6]|ObjectUtil.CLASS_NAME|"ObjectUtil"
16:42:15.0 (40884620)|STATEMENT_EXECUTE|[9]
16:42:15.0 (40888940)|STATEMENT_EXECUTE|[10]
16:42:15.0 (40921974)|SYSTEM_METHOD_ENTRY|[10]|Schema.getGlobalDescribe()
16:42:15.0 (122010363)|HEAP_ALLOCATE|[10]|Bytes:3148
16:42:15.0 (122052102)|SYSTEM_METHOD_EXIT|[10]|Schema.getGlobalDescribe()
16:42:15.0 (122944427)|VARIABLE_ASSIGNMENT|[10]|ObjectUtil.schemaMap|"{acceptedeventrelation=AcceptedEventRelation, account=Account, accountbrand=AccountBrand, accountbrandshare=AccountBrandShare, accountchangeevent=AccountChangeEvent, accountcontactrole=AccountContactRole, accountcontactrolechangeevent=AccountContactRoleChangeEvent, accountfeed=AccountFeed, accounthistory=AccountHistory, accountpartner=AccountPartner, ...}"|0x85f01ae
16:42:15.0 (122972589)|STATEMENT_EXECUTE|[13]
16:42:15.0 (122988281)|METHOD_EXIT|[5]|ObjectUtil
16:42:15.0 (123040942)|METHOD_ENTRY|[13]|01p0Y00000Odl9g|ObjectUtil.debugLogBegin(String, String, String)
16:42:15.0 (123107756)|VARIABLE_SCOPE_BEGIN|[25]|className|String|false|false
16:42:15.0 (123146322)|VARIABLE_ASSIGNMENT|[25]|className|"SC049_GenericLogin"
16:42:15.0 (123155428)|VARIABLE_SCOPE_BEGIN|[25]|methodName|String|false|false
16:42:15.0 (123174331)|VARIABLE_ASSIGNMENT|[25]|methodName|"getInfo"
16:42:15.0 (123182230)|VARIABLE_SCOPE_BEGIN|[25]|theMessage|String|false|false
16:42:15.0 (123202882)|VARIABLE_ASSIGNMENT|[25]|theMessage|"[pTech_Lead_Id]:a0M1 (195 more) ..."
16:42:15.0 (123213907)|STATEMENT_EXECUTE|[25]
16:42:15.0 (123216962)|STATEMENT_EXECUTE|[26]
16:42:15.0 (123453568)|METHOD_ENTRY|[26]|01p0Y00000Odl9g|ObjectUtil.debugLogBegin(System.LoggingLevel, String, String, String)
16:42:15.0 (123484986)|VARIABLE_SCOPE_BEGIN|[29]|level|System.LoggingLevel|true|false
16:42:15.0 (123521581)|VARIABLE_ASSIGNMENT|[29]|level|"DEBUG"|0x582f6c83
16:42:15.0 (123533342)|VARIABLE_SCOPE_BEGIN|[29]|className|String|false|false
16:42:15.0 (123550175)|VARIABLE_ASSIGNMENT|[29]|className|"SC049_GenericLogin"
16:42:15.0 (123558536)|VARIABLE_SCOPE_BEGIN|[29]|methodName|String|false|false
16:42:15.0 (123575663)|VARIABLE_ASSIGNMENT|[29]|methodName|"getInfo"
16:42:15.0 (123584098)|VARIABLE_SCOPE_BEGIN|[29]|theMessage|String|false|false
16:42:15.0 (123603216)|VARIABLE_ASSIGNMENT|[29]|theMessage|"[pTech_Lead_Id]:a0M1 (195 more) ..."
16:42:15.0 (123612442)|STATEMENT_EXECUTE|[29]
16:42:15.0 (123615413)|STATEMENT_EXECUTE|[30]
16:42:15.0 (123621606)|HEAP_ALLOCATE|[30]|Bytes:13
16:42:15.0 (123628661)|HEAP_ALLOCATE|[30]|Bytes:2
16:42:15.0 (123636118)|HEAP_ALLOCATE|[30]|Bytes:15
16:42:15.0 (123652031)|HEAP_ALLOCATE|[30]|Bytes:270
16:42:15.0 (123677125)|SYSTEM_METHOD_ENTRY|[30]|System.debug(APEX_OBJECT, ANY)
16:42:15.0 (123700404)|USER_DEBUG|[30]|DEBUG|## >> BEGIN [SC049_GenericLogin][getInfo][theMessage]: [pTech_Lead_Id]:a0M1w000001fsAYEAY - [pBrand]:AC - [pLanguage]:fr - [pCount]:FR - [pSiteId]:23 - [pUrlDns]:bugfix-psa-finance.cs105.force.com - [pToken]b46b7ae8c71f363fd71b70728ec52dae125b4e3580db5199f098374c5a2da4c
16:42:15.0 (123716954)|SYSTEM_METHOD_EXIT|[30]|System.debug(APEX_OBJECT, ANY)
16:42:15.0 (123728706)|METHOD_EXIT|[26]|01p0Y00000Odl9g|ObjectUtil.debugLogBegin(System.LoggingLevel, String, String, String)
16:42:15.0 (123739453)|METHOD_EXIT|[13]|01p0Y00000Odl9g|ObjectUtil.debugLogBegin(String, String, String)
16:42:15.0 (123748104)|STATEMENT_EXECUTE|[17]
16:42:15.0 (123775370)|HEAP_ALLOCATE|[17]|Bytes:20
16:42:15.0 (123808224)|CONSTRUCTOR_ENTRY|[17]|01p1n00000PV6c0|<init>()|SC049_GenericLogin.Resp
16:42:15.0 (123858641)|VARIABLE_SCOPE_BEGIN|[126]|this|SC049_GenericLogin.Resp|true|false
16:42:15.0 (123943107)|VARIABLE_ASSIGNMENT|[126]|this|{}|0x44ce0625
16:42:15.0 (123969907)|STATEMENT_EXECUTE|[126]
16:42:15.0 (123972934)|STATEMENT_EXECUTE|[128]
16:42:15.0 (123975685)|STATEMENT_EXECUTE|[130]
16:42:15.0 (123978493)|STATEMENT_EXECUTE|[132]
16:42:15.0 (123981199)|STATEMENT_EXECUTE|[134]
16:42:15.0 (123989317)|CONSTRUCTOR_EXIT|[17]|01p1n00000PV6c0|<init>()|SC049_GenericLogin.Resp
16:42:15.0 (124000697)|VARIABLE_SCOPE_BEGIN|[17]|resp|SC049_GenericLogin.Resp|true|false
16:42:15.0 (124026693)|VARIABLE_ASSIGNMENT|[17]|resp|{}|0x44ce0625
16:42:15.0 (124037543)|STATEMENT_EXECUTE|[18]
16:42:15.0 (124041991)|HEAP_ALLOCATE|[18]|Bytes:2
16:42:15.0 (124060636)|VARIABLE_ASSIGNMENT|[18]|this.Status|"OK"|0x44ce0625
16:42:15.0 (124071428)|STATEMENT_EXECUTE|[19]
16:42:15.0 (124076219)|VARIABLE_SCOPE_BEGIN|[19]|caseContactId|String|false|false
16:42:15.0 (124093328)|VARIABLE_ASSIGNMENT|[19]|caseContactId|null
16:42:15.0 (124102644)|STATEMENT_EXECUTE|[20]
16:42:15.0 (124106348)|VARIABLE_SCOPE_BEGIN|[20]|caseId|String|false|false
16:42:15.0 (124129530)|VARIABLE_ASSIGNMENT|[20]|caseId|null
16:42:15.0 (124139002)|STATEMENT_EXECUTE|[21]
16:42:15.0 (124146025)|VARIABLE_SCOPE_BEGIN|[21]|caseFound|Boolean|false|false
16:42:15.0 (124164458)|HEAP_ALLOCATE|[21]|Bytes:5
16:42:15.0 (124176740)|VARIABLE_ASSIGNMENT|[21]|caseFound|false
16:42:15.0 (124184365)|STATEMENT_EXECUTE|[22]
16:42:15.0 (124188146)|VARIABLE_SCOPE_BEGIN|[22]|isGuest|Boolean|false|false
16:42:15.0 (124202805)|HEAP_ALLOCATE|[22]|Bytes:5
16:42:15.0 (124211117)|VARIABLE_ASSIGNMENT|[22]|isGuest|false
16:42:15.0 (124250878)|SYSTEM_METHOD_ENTRY|[24]|String.isEmpty(String)
16:42:15.0 (124280628)|SYSTEM_METHOD_EXIT|[24]|String.isEmpty(String)
16:42:15.0 (124288068)|STATEMENT_EXECUTE|[24]
16:42:15.0 (124290914)|STATEMENT_EXECUTE|[30]
16:42:15.0 (124293787)|STATEMENT_EXECUTE|[30]
16:42:15.0 (124298519)|STATEMENT_EXECUTE|[31]
16:42:15.0 (124302526)|HEAP_ALLOCATE|[31]|Bytes:82
16:42:15.0 (124327637)|HEAP_ALLOCATE|[31]|Bytes:4
16:42:15.0 (124345536)|HEAP_ALLOCATE|[31]|Bytes:7
16:42:15.0 (124389232)|HEAP_ALLOCATE|[31]|Bytes:97
16:42:15.0 (124404949)|SYSTEM_METHOD_ENTRY|[1]|UserInfo.UserInfo()
16:42:15.0 (124411933)|STATEMENT_EXECUTE|[1]
16:42:15.0 (124419451)|SYSTEM_METHOD_EXIT|[1]|UserInfo
16:42:15.0 (124433548)|METHOD_ENTRY|[31]||System.UserInfo.getUserId()
16:42:15.0 (124469573)|METHOD_EXIT|[31]||System.UserInfo.getUserId()
16:42:15.0 (128223118)|SOQL_EXECUTE_BEGIN|[31]|Aggregations:0|SELECT Profile.UserLicense.Name, Username, ContactId FROM User WHERE id = :tmpVar1
16:42:15.0 (128255110)|LIMIT_USAGE|[31]|SOQL|1|100
16:42:15.0 (128279524)|LIMIT_USAGE|[31]|AGGS|0|300
16:42:15.0 (169515897)|SOQL_EXECUTE_EXPLAIN|[31]|No explain plan is available {0}
16:42:15.0 (169537640)|SOQL_EXECUTE_END|[31]|Rows:1
16:42:15.0 (169553414)|LIMIT_USAGE|[31]|SOQL_ROWS|1|50000
16:42:15.0 (169589467)|HEAP_ALLOCATE|[31]|Bytes:8
16:42:15.0 (169660439)|HEAP_ALLOCATE|[31]|Bytes:273
16:42:15.0 (169769378)|HEAP_ALLOCATE|[31]|Bytes:8
16:42:15.0 (169792362)|HEAP_ALLOCATE|[31]|Bytes:30
16:42:15.0 (169870481)|HEAP_ALLOCATE|[31]|Bytes:20
16:42:15.0 (169887791)|VARIABLE_SCOPE_BEGIN|[31]|connectedUser|User|true|false
16:42:15.0 (169975163)|VARIABLE_ASSIGNMENT|[31]|connectedUser|{"ProfileId":"00e1n000000RcJcAAK","Username":"customfr@psa-finance (17 more) ...","Id":"0051n000004JSTAAA4","Profile":{"UserLicenseId":"1000Y000000DIcGQAW","Id":"00e1n000000RcJcAAK","UserLicense":{"Name":"Guest User License","Id":"1000Y000000DIcGQAW","TotalLicenses":25}}}|0x3fa452ee
16:42:15.0 (169994936)|STATEMENT_EXECUTE|[32]
16:42:15.0 (170146626)|VARIABLE_SCOPE_BEGIN|[32]|connectedUserLicencename|String|false|false
16:42:15.0 (170171920)|VARIABLE_ASSIGNMENT|[32]|connectedUserLicencename|"Guest User License"
16:42:15.0 (170182604)|HEAP_ALLOCATE|[33]|Bytes:5
16:42:15.0 (170241738)|SYSTEM_METHOD_ENTRY|[33]|String.containsIgnoreCase(String)
16:42:15.0 (170291587)|SYSTEM_METHOD_EXIT|[33]|String.containsIgnoreCase(String)
16:42:15.0 (170301905)|STATEMENT_EXECUTE|[33]
16:42:15.0 (170305077)|STATEMENT_EXECUTE|[34]
16:42:15.0 (170321055)|HEAP_ALLOCATE|[34]|Bytes:5
16:42:15.0 (170332391)|VARIABLE_ASSIGNMENT|[34]|isGuest|true
16:42:15.0 (170342193)|STATEMENT_EXECUTE|[37]
16:42:15.0 (170351718)|HEAP_ALLOCATE|[37]|Bytes:27
16:42:15.0 (170357849)|HEAP_ALLOCATE|[38]|Bytes:13
16:42:15.0 (170386378)|SYSTEM_METHOD_ENTRY|[38]|String.valueOf(Object)
16:42:15.0 (170403294)|HEAP_ALLOCATE|[38]|Bytes:4
16:42:15.0 (170418551)|SYSTEM_METHOD_EXIT|[38]|String.valueOf(Object)
16:42:15.0 (170434228)|HEAP_ALLOCATE|[37]|Bytes:62
16:42:15.0 (170462015)|METHOD_ENTRY|[37]|01p0Y00000Odl9g|ObjectUtil.debugLog(String, String, String)
16:42:15.0 (170488464)|VARIABLE_SCOPE_BEGIN|[55]|className|String|false|false
16:42:15.0 (170506430)|VARIABLE_ASSIGNMENT|[55]|className|"SC049_GenericLogin"
16:42:15.0 (170512591)|VARIABLE_SCOPE_BEGIN|[55]|methodName|String|false|false
16:42:15.0 (170523603)|VARIABLE_ASSIGNMENT|[55]|methodName|"getInfo"
16:42:15.0 (170529518)|VARIABLE_SCOPE_BEGIN|[55]|message|String|false|false
16:42:15.0 (170543302)|VARIABLE_ASSIGNMENT|[55]|message|"[connectedUserLicenc (42 more) ..."
16:42:15.0 (170553342)|STATEMENT_EXECUTE|[55]
16:42:15.0 (170556454)|STATEMENT_EXECUTE|[56]
16:42:15.0 (170573961)|METHOD_ENTRY|[56]|01p0Y00000Odl9g|ObjectUtil.debugLog(System.LoggingLevel, String, String, String)
16:42:15.0 (170592591)|VARIABLE_SCOPE_BEGIN|[59]|level|System.LoggingLevel|true|false
16:42:15.0 (170616360)|VARIABLE_ASSIGNMENT|[59]|level|"DEBUG"|0x582f6c83
16:42:15.0 (170623889)|VARIABLE_SCOPE_BEGIN|[59]|className|String|false|false
16:42:15.0 (170635163)|VARIABLE_ASSIGNMENT|[59]|className|"SC049_GenericLogin"
16:42:15.0 (170640862)|VARIABLE_SCOPE_BEGIN|[59]|methodName|String|false|false
16:42:15.0 (170652481)|VARIABLE_ASSIGNMENT|[59]|methodName|"getInfo"
16:42:15.0 (170658098)|VARIABLE_SCOPE_BEGIN|[59]|message|String|false|false
16:42:15.0 (170670431)|VARIABLE_ASSIGNMENT|[59]|message|"[connectedUserLicenc (42 more) ..."
16:42:15.0 (170676736)|STATEMENT_EXECUTE|[59]
16:42:15.0 (170679642)|STATEMENT_EXECUTE|[60]
16:42:15.0 (170683908)|HEAP_ALLOCATE|[60]|Bytes:7
16:42:15.0 (170690739)|HEAP_ALLOCATE|[60]|Bytes:12
16:42:15.0 (170702800)|HEAP_ALLOCATE|[60]|Bytes:108
16:42:15.0 (170725203)|SYSTEM_METHOD_ENTRY|[60]|System.debug(APEX_OBJECT, ANY)
16:42:15.0 (170749196)|USER_DEBUG|[60]|DEBUG|## >> [SC049_GenericLogin][getInfo][MESSAGE]: [connectedUserLicencename]:Guest User License - [isGuest]:true
16:42:15.0 (170760843)|SYSTEM_METHOD_EXIT|[60]|System.debug(APEX_OBJECT, ANY)
16:42:15.0 (170770194)|METHOD_EXIT|[56]|01p0Y00000Odl9g|ObjectUtil.debugLog(System.LoggingLevel, String, String, String)
16:42:15.0 (170780376)|METHOD_EXIT|[37]|01p0Y00000Odl9g|ObjectUtil.debugLog(String, String, String)
16:42:15.0 (170788729)|STATEMENT_EXECUTE|[40]
16:42:15.0 (176334688)|VARIABLE_SCOPE_BEGIN|[6]|DM009_Case.CLASS_NAME|String|false|true
16:42:15.0 (176366201)|VARIABLE_SCOPE_BEGIN|[8]|DM009_Case.LISTBYIDS_QUERY|String|false|true
16:42:15.0 (176381690)|VARIABLE_SCOPE_BEGIN|[83]|DM009_Case.LIST_GET_CASE_BY|String|false|true
16:42:15.0 (176397506)|VARIABLE_SCOPE_BEGIN|[7]|DM009_Case.OBJECT_NAME|String|false|true
16:42:15.0 (176426215)|HEAP_ALLOCATE|[40]|Bytes:25
16:42:15.0 (176442266)|HEAP_ALLOCATE|[40]|Bytes:177
16:42:15.0 (176450926)|HEAP_ALLOCATE|[40]|Bytes:15
16:42:15.0 (176463831)|HEAP_ALLOCATE|[40]|Bytes:4
16:42:15.0 (176490451)|VARIABLE_ASSIGNMENT|[40]|DM009_Case.OBJECT_NAME|"Case"
16:42:15.0 (176522022)|METHOD_ENTRY|[5]|01p0Y00000Odl8b|DM009_Case.DM009_Case()
16:42:15.0 (176534126)|STATEMENT_EXECUTE|[5]
16:42:15.0 (176540347)|STATEMENT_EXECUTE|[5]
16:42:15.0 (176543498)|STATEMENT_EXECUTE|[6]
16:42:15.0 (176548363)|HEAP_ALLOCATE|[6]|Bytes:10
16:42:15.0 (176627499)|HEAP_ALLOCATE|[6]|Bytes:8
16:42:15.0 (176643498)|HEAP_ALLOCATE|[6]|Bytes:8
16:42:15.0 (176653440)|VARIABLE_SCOPE_BEGIN|[4]|this|System.Type|true|false
16:42:15.0 (176695059)|VARIABLE_ASSIGNMENT|[4]|this|{}|0x33688a43
16:42:15.0 (176707453)|VARIABLE_SCOPE_BEGIN|[4]|apextype|java:common.apex.runtime.ApexObjectType|true|false
16:42:15.0 (176872175)|VARIABLE_ASSIGNMENT|[4]|apextype|"DM009_Case"|0x11af9104
16:42:15.0 (176929673)|HEAP_ALLOCATE|[6]|Bytes:8
16:42:15.0 (176953612)|METHOD_ENTRY|[6]||System.Type.getName()
16:42:15.0 (177002039)|METHOD_EXIT|[6]||System.Type.getName()
16:42:15.0 (177023905)|VARIABLE_ASSIGNMENT|[6]|DM009_Case.CLASS_NAME|"DM009_Case"
16:42:15.0 (177032859)|STATEMENT_EXECUTE|[8]
16:42:15.0 (177037379)|HEAP_ALLOCATE|[8]|Bytes:1496
16:42:15.0 (177047989)|HEAP_ALLOCATE|[81]|Bytes:19
16:42:15.0 (177077122)|HEAP_ALLOCATE|[8]|Bytes:1519
16:42:15.0 (177095126)|VARIABLE_ASSIGNMENT|[8]|DM009_Case.LISTBYIDS_QUERY|"SELECT   Id, AriadNe (1499 more) ..."
16:42:15.0 (177103162)|STATEMENT_EXECUTE|[83]
16:42:15.0 (177106608)|HEAP_ALLOCATE|[83]|Bytes:1043
16:42:15.0 (177114694)|HEAP_ALLOCATE|[117]|Bytes:1
16:42:15.0 (177134609)|HEAP_ALLOCATE|[83]|Bytes:1048
16:42:15.0 (177158461)|VARIABLE_ASSIGNMENT|[83]|DM009_Case.LIST_GET_CASE_BY|"SELECT  Id, (SELECT  (1028 more) ..."
16:42:15.0 (177166623)|STATEMENT_EXECUTE|[1009]
16:42:15.0 (177177323)|METHOD_EXIT|[5]|DM009_Case
16:42:15.0 (177209326)|METHOD_ENTRY|[40]|01p0Y00000Odl8b|DM009_Case.getCaseByTechLead(String)
16:42:15.0 (177314185)|VARIABLE_SCOPE_BEGIN|[981]|techLeadId|String|false|false
16:42:15.0 (177337389)|VARIABLE_ASSIGNMENT|[981]|techLeadId|"a0M1w000001fsAYEAY"
16:42:15.0 (177347846)|STATEMENT_EXECUTE|[981]
16:42:15.0 (177350685)|STATEMENT_EXECUTE|[982]
16:42:15.0 (177970578)|HEAP_ALLOCATE|[982]|Bytes:44
16:42:15.0 (177999693)|HEAP_ALLOCATE|[982]|Bytes:4
16:42:15.0 (178028086)|CONSTRUCTOR_ENTRY|[982]|01p0Y00000Odl8b|<init>()|DM009_Case.WithoutSharingDataManager
16:42:15.0 (178216945)|VARIABLE_SCOPE_BEGIN|[1009]|this|DM009_Case.WithoutSharingDataManager|true|false
16:42:15.0 (178253758)|VARIABLE_ASSIGNMENT|[1009]|this|{}|0x109fb643
16:42:15.0 (178274168)|HEAP_ALLOCATE|[EXTERNAL]|Bytes:5
16:42:15.0 (178303396)|STATEMENT_EXECUTE|[1009]
16:42:15.0 (178308726)|HEAP_ALLOCATE|[EXTERNAL]|Bytes:5
16:42:15.0 (178320618)|CONSTRUCTOR_EXIT|[982]|01p0Y00000Odl8b|<init>()|DM009_Case.WithoutSharingDataManager
16:42:15.0 (178364322)|METHOD_ENTRY|[982]|01p0Y00000Odl8b|DM009_Case.WithoutSharingDataManager.getCaseByTechLead(String)
16:42:15.0 (178375497)|VARIABLE_SCOPE_BEGIN|[1033]|this|DM009_Case.WithoutSharingDataManager|true|false
16:42:15.0 (178397497)|VARIABLE_ASSIGNMENT|[1033]|this|{}|0x109fb643
16:42:15.0 (178409309)|VARIABLE_SCOPE_BEGIN|[1033]|techLeadId|String|false|false
16:42:15.0 (178427675)|VARIABLE_ASSIGNMENT|[1033]|techLeadId|"a0M1w000001fsAYEAY"
16:42:15.0 (178442698)|HEAP_ALLOCATE|[1034]|Bytes:5
16:42:15.0 (178448243)|STATEMENT_EXECUTE|[1033]
16:42:15.0 (178453492)|STATEMENT_EXECUTE|[1034]
16:42:15.0 (178458130)|HEAP_ALLOCATE|[1034]|Bytes:17
16:42:15.0 (178465390)|VARIABLE_SCOPE_BEGIN|[1034]|methodName|String|false|false
16:42:15.0 (178486111)|VARIABLE_ASSIGNMENT|[1034]|methodName|"getCaseByTechLead"
16:42:15.0 (178493873)|STATEMENT_EXECUTE|[1035]
16:42:15.0 (178500986)|HEAP_ALLOCATE|[1035]|Bytes:14
16:42:15.0 (178514307)|HEAP_ALLOCATE|[1035]|Bytes:32
16:42:15.0 (178528825)|METHOD_ENTRY|[1035]|01p0Y00000Odl9g|ObjectUtil.debugLogBegin(String, String, String)
16:42:15.0 (178577978)|VARIABLE_SCOPE_BEGIN|[25]|className|String|false|false
16:42:15.0 (178596572)|VARIABLE_ASSIGNMENT|[25]|className|"DM009_Case"
16:42:15.0 (178604738)|VARIABLE_SCOPE_BEGIN|[25]|methodName|String|false|false
16:42:15.0 (178622412)|VARIABLE_ASSIGNMENT|[25]|methodName|"getCaseByTechLead"
16:42:15.0 (178629965)|VARIABLE_SCOPE_BEGIN|[25]|theMessage|String|false|false
16:42:15.0 (178647249)|VARIABLE_ASSIGNMENT|[25]|theMessage|"[techLeadId] :a0M1w0 (12 more) ..."
16:42:15.0 (178658020)|STATEMENT_EXECUTE|[25]
16:42:15.0 (178661030)|STATEMENT_EXECUTE|[26]
16:42:15.0 (178670705)|METHOD_ENTRY|[26]|01p0Y00000Odl9g|ObjectUtil.debugLogBegin(System.LoggingLevel, String, String, String)
16:42:15.0 (178680594)|VARIABLE_SCOPE_BEGIN|[29]|level|System.LoggingLevel|true|false
16:42:15.0 (178706774)|VARIABLE_ASSIGNMENT|[29]|level|"DEBUG"|0x582f6c83
16:42:15.0 (178718345)|VARIABLE_SCOPE_BEGIN|[29]|className|String|false|false
16:42:15.0 (178735499)|VARIABLE_ASSIGNMENT|[29]|className|"DM009_Case"
16:42:15.0 (178743795)|VARIABLE_SCOPE_BEGIN|[29]|methodName|String|false|false
16:42:15.0 (178758952)|VARIABLE_ASSIGNMENT|[29]|methodName|"getCaseByTechLead"
16:42:15.0 (178766830)|VARIABLE_SCOPE_BEGIN|[29]|theMessage|String|false|false
16:42:15.0 (178785218)|VARIABLE_ASSIGNMENT|[29]|theMessage|"[techLeadId] :a0M1w0 (12 more) ..."
16:42:15.0 (178794522)|STATEMENT_EXECUTE|[29]
16:42:15.0 (178797404)|STATEMENT_EXECUTE|[30]
16:42:15.0 (178808349)|HEAP_ALLOCATE|[30]|Bytes:89
16:42:15.0 (178825183)|SYSTEM_METHOD_ENTRY|[30]|System.debug(APEX_OBJECT, ANY)
16:42:15.0 (178840736)|USER_DEBUG|[30]|DEBUG|## >> BEGIN [DM009_Case][getCaseByTechLead][theMessage]: [techLeadId] :a0M1w000001fsAYEAY
16:42:15.0 (178855374)|SYSTEM_METHOD_EXIT|[30]|System.debug(APEX_OBJECT, ANY)
16:42:15.0 (178867356)|METHOD_EXIT|[26]|01p0Y00000Odl9g|ObjectUtil.debugLogBegin(System.LoggingLevel, String, String, String)
16:42:15.0 (178878133)|METHOD_EXIT|[1035]|01p0Y00000Odl9g|ObjectUtil.debugLogBegin(String, String, String)
16:42:15.0 (178888447)|STATEMENT_EXECUTE|[1036]
16:42:15.0 (178892615)|HEAP_ALLOCATE|[1036]|Bytes:97
16:42:15.0 (178913181)|HEAP_ALLOCATE|[1036]|Bytes:4
16:42:15.0 (180479080)|SOQL_EXECUTE_BEGIN|[1036]|Aggregations:0|SELECT Id, ContactId FROM Case WHERE TechLead__c = :tmpVar1 ORDER BY CreatedDate DESC NULLS FIRST
16:42:15.0 (180503978)|LIMIT_USAGE|[1036]|SOQL|2|100
16:42:15.0 (180527210)|LIMIT_USAGE|[1036]|AGGS|0|300
16:42:15.0 (201521360)|SOQL_EXECUTE_EXPLAIN|[1036]|Index on Case : [TechLead__c], cardinality: 0, sobjectCardinality: 61, relativeCost 0
16:42:15.0 (201539964)|SOQL_EXECUTE_END|[1036]|Rows:0
16:42:15.0 (201553441)|LIMIT_USAGE|[1036]|SOQL_ROWS|1|50000
16:42:15.0 (201586032)|HEAP_ALLOCATE|[1036]|Bytes:4
16:42:15.0 (201625771)|HEAP_ALLOCATE|[1036]|Bytes:0
16:42:15.0 (201684579)|HEAP_ALLOCATE|[1036]|Bytes:4
16:42:15.0 (201713745)|VARIABLE_SCOPE_BEGIN|[1036]|cases|List<Case>|true|false
16:42:15.0 (201747846)|VARIABLE_ASSIGNMENT|[1036]|cases|[]|0x2f45630
16:42:15.0 (201759235)|STATEMENT_EXECUTE|[1037]
16:42:15.0 (201774828)|HEAP_ALLOCATE|[1037]|Bytes:11
16:42:15.0 (201854159)|SYSTEM_METHOD_ENTRY|[1037]|String.valueOf(Object)
16:42:15.0 (201890364)|HEAP_ALLOCATE|[1037]|Bytes:2
16:42:15.0 (201908315)|SYSTEM_METHOD_EXIT|[1037]|String.valueOf(Object)
16:42:15.0 (201919957)|HEAP_ALLOCATE|[1037]|Bytes:13
16:42:15.0 (201951273)|METHOD_ENTRY|[1037]|01p0Y00000Odl9g|ObjectUtil.debugLogEnd(String, String, String)
16:42:15.0 (201964075)|VARIABLE_SCOPE_BEGIN|[40]|className|String|false|false
16:42:15.0 (201984232)|VARIABLE_ASSIGNMENT|[40]|className|"DM009_Case"
16:42:15.0 (201991290)|VARIABLE_SCOPE_BEGIN|[40]|methodName|String|false|false
16:42:15.0 (202003443)|VARIABLE_ASSIGNMENT|[40]|methodName|"getCaseByTechLead"
16:42:15.0 (202010794)|VARIABLE_SCOPE_BEGIN|[40]|message|String|false|false
16:42:15.0 (202029386)|VARIABLE_ASSIGNMENT|[40]|message|"[RESULTS] :()"
16:42:15.0 (202042333)|STATEMENT_EXECUTE|[40]
16:42:15.0 (202046805)|STATEMENT_EXECUTE|[41]
16:42:15.0 (202072847)|METHOD_ENTRY|[41]|01p0Y00000Odl9g|ObjectUtil.debugLogEnd(System.LoggingLevel, String, String, String)
16:42:15.0 (202101499)|VARIABLE_SCOPE_BEGIN|[44]|level|System.LoggingLevel|true|false
16:42:15.0 (202147196)|VARIABLE_ASSIGNMENT|[44]|level|"DEBUG"|0x582f6c83
16:42:15.0 (202166323)|VARIABLE_SCOPE_BEGIN|[44]|className|String|false|false
16:42:15.0 (202186604)|VARIABLE_ASSIGNMENT|[44]|className|"DM009_Case"
16:42:15.0 (202197825)|VARIABLE_SCOPE_BEGIN|[44]|methodName|String|false|false
16:42:15.0 (202209438)|VARIABLE_ASSIGNMENT|[44]|methodName|"getCaseByTechLead"
16:42:15.0 (202215083)|VARIABLE_SCOPE_BEGIN|[44]|message|String|false|false
16:42:15.0 (202226282)|VARIABLE_ASSIGNMENT|[44]|message|"[RESULTS] :()"
16:42:15.0 (202234644)|STATEMENT_EXECUTE|[44]
16:42:15.0 (202237583)|STATEMENT_EXECUTE|[45]
16:42:15.0 (202245386)|HEAP_ALLOCATE|[45]|Bytes:11
16:42:15.0 (202269811)|HEAP_ALLOCATE|[45]|Bytes:65
16:42:15.0 (202301845)|SYSTEM_METHOD_ENTRY|[45]|System.debug(APEX_OBJECT, ANY)
16:42:15.0 (202329031)|USER_DEBUG|[45]|DEBUG|## >> END [DM009_Case][getCaseByTechLead][MESSAGE]: [RESULTS] :()
16:42:15.0 (202343485)|SYSTEM_METHOD_EXIT|[45]|System.debug(APEX_OBJECT, ANY)
16:42:15.0 (202359374)|METHOD_EXIT|[41]|01p0Y00000Odl9g|ObjectUtil.debugLogEnd(System.LoggingLevel, String, String, String)
16:42:15.0 (202374038)|METHOD_EXIT|[1037]|01p0Y00000Odl9g|ObjectUtil.debugLogEnd(String, String, String)
16:42:15.0 (202381897)|STATEMENT_EXECUTE|[1038]
16:42:15.0 (202396098)|METHOD_EXIT|[982]|01p0Y00000Odl8b|DM009_Case.WithoutSharingDataManager.getCaseByTechLead(String)
16:42:15.0 (202405774)|METHOD_EXIT|[40]|01p0Y00000Odl8b|DM009_Case.getCaseByTechLead(String)
16:42:15.0 (202414918)|VARIABLE_SCOPE_BEGIN|[40]|lstc|List<Case>|true|false
16:42:15.0 (202431897)|VARIABLE_ASSIGNMENT|[40]|lstc|[]|0x2f45630
16:42:15.0 (202514276)|SYSTEM_METHOD_ENTRY|[42]|List<Case>.size()
16:42:15.0 (202544500)|SYSTEM_METHOD_EXIT|[42]|List<Case>.size()
16:42:15.0 (202556735)|STATEMENT_EXECUTE|[42]
16:42:15.0 (202562098)|SYSTEM_METHOD_ENTRY|[48]|List<Case>.size()
16:42:15.0 (202576046)|SYSTEM_METHOD_EXIT|[48]|List<Case>.size()
16:42:15.0 (202585166)|STATEMENT_EXECUTE|[48]
16:42:15.0 (202588873)|STATEMENT_EXECUTE|[54]
16:42:15.0 (202600572)|HEAP_ALLOCATE|[54]|Bytes:11
16:42:15.0 (202634949)|SYSTEM_METHOD_ENTRY|[54]|String.valueOf(Object)
16:42:15.0 (202650361)|HEAP_ALLOCATE|[54]|Bytes:5
16:42:15.0 (202663391)|SYSTEM_METHOD_EXIT|[54]|String.valueOf(Object)
16:42:15.0 (202669286)|HEAP_ALLOCATE|[54]|Bytes:18
16:42:15.0 (202677863)|HEAP_ALLOCATE|[55]|Bytes:28
16:42:15.0 (202725510)|SYSTEM_METHOD_ENTRY|[55]|String.valueOf(Object)
16:42:15.0 (202745755)|SYSTEM_METHOD_EXIT|[55]|String.valueOf(Object)
16:42:15.0 (202758205)|HEAP_ALLOCATE|[54]|Bytes:70
16:42:15.0 (202767127)|HEAP_ALLOCATE|[55]|Bytes:1
16:42:15.0 (202777498)|HEAP_ALLOCATE|[54]|Bytes:71
16:42:15.0 (202791943)|METHOD_ENTRY|[54]|01p0Y00000Odl9g|ObjectUtil.debugLog(String, String, String)
16:42:15.0 (202808271)|VARIABLE_SCOPE_BEGIN|[55]|className|String|false|false
16:42:15.0 (202823836)|VARIABLE_ASSIGNMENT|[55]|className|"SC049_GenericLogin"
16:42:15.0 (202830077)|VARIABLE_SCOPE_BEGIN|[55]|methodName|String|false|false
16:42:15.0 (202841853)|VARIABLE_ASSIGNMENT|[55]|methodName|"getInfo"
16:42:15.0 (202847753)|VARIABLE_SCOPE_BEGIN|[55]|message|String|false|false
16:42:15.0 (202862868)|VARIABLE_ASSIGNMENT|[55]|message|"caseFound=<false>, c (51 more) ..."
16:42:15.0 (202874518)|STATEMENT_EXECUTE|[55]
16:42:15.0 (202877306)|STATEMENT_EXECUTE|[56]
16:42:15.0 (202888572)|METHOD_ENTRY|[56]|01p0Y00000Odl9g|ObjectUtil.debugLog(System.LoggingLevel, String, String, String)
16:42:15.0 (202895821)|VARIABLE_SCOPE_BEGIN|[59]|level|System.LoggingLevel|true|false
16:42:15.0 (202921225)|VARIABLE_ASSIGNMENT|[59]|level|"DEBUG"|0x582f6c83
16:42:15.0 (202928545)|VARIABLE_SCOPE_BEGIN|[59]|className|String|false|false
16:42:15.0 (202940143)|VARIABLE_ASSIGNMENT|[59]|className|"SC049_GenericLogin"
16:42:15.0 (202946395)|VARIABLE_SCOPE_BEGIN|[59]|methodName|String|false|false
16:42:15.0 (202957337)|VARIABLE_ASSIGNMENT|[59]|methodName|"getInfo"
16:42:15.0 (202963427)|VARIABLE_SCOPE_BEGIN|[59]|message|String|false|false
16:42:15.0 (202979962)|VARIABLE_ASSIGNMENT|[59]|message|"caseFound=<false>, c (51 more) ..."
16:42:15.0 (202990761)|STATEMENT_EXECUTE|[59]
16:42:15.0 (202993548)|STATEMENT_EXECUTE|[60]
16:42:15.0 (203001229)|HEAP_ALLOCATE|[60]|Bytes:117
16:42:15.0 (203017951)|SYSTEM_METHOD_ENTRY|[60]|System.debug(APEX_OBJECT, ANY)
16:42:15.0 (203029607)|USER_DEBUG|[60]|DEBUG|## >> [SC049_GenericLogin][getInfo][MESSAGE]: caseFound=<false>, caseContactId=<null>, connectedUser.ContactId=<null>
16:42:15.0 (203040566)|SYSTEM_METHOD_EXIT|[60]|System.debug(APEX_OBJECT, ANY)
16:42:15.0 (203050549)|METHOD_EXIT|[56]|01p0Y00000Odl9g|ObjectUtil.debugLog(System.LoggingLevel, String, String, String)
16:42:15.0 (203058787)|METHOD_EXIT|[54]|01p0Y00000Odl9g|ObjectUtil.debugLog(String, String, String)
16:42:15.0 (203067282)|STATEMENT_EXECUTE|[70]
16:42:15.0 (203070925)|STATEMENT_EXECUTE|[71]
16:42:15.0 (203073740)|STATEMENT_EXECUTE|[72]
16:42:15.0 (203081636)|HEAP_ALLOCATE|[72]|Bytes:38
16:42:15.0 (203090250)|METHOD_ENTRY|[72]|01p0Y00000Odl9g|ObjectUtil.debugLog(String, String, String)
16:42:15.0 (203107590)|VARIABLE_SCOPE_BEGIN|[55]|className|String|false|false
16:42:15.0 (203137945)|VARIABLE_ASSIGNMENT|[55]|className|"SC049_GenericLogin"
16:42:15.0 (203145561)|VARIABLE_SCOPE_BEGIN|[55]|methodName|String|false|false
16:42:15.0 (203160674)|VARIABLE_ASSIGNMENT|[55]|methodName|"getInfo"
16:42:15.0 (203170131)|VARIABLE_SCOPE_BEGIN|[55]|message|String|false|false
16:42:15.0 (203185158)|VARIABLE_ASSIGNMENT|[55]|message|"No case found, Guest (18 more) ..."
16:42:15.0 (203196730)|STATEMENT_EXECUTE|[55]
16:42:15.0 (203199656)|STATEMENT_EXECUTE|[56]
16:42:15.0 (203205753)|METHOD_ENTRY|[56]|01p0Y00000Odl9g|ObjectUtil.debugLog(System.LoggingLevel, String, String, String)
16:42:15.0 (203214457)|VARIABLE_SCOPE_BEGIN|[59]|level|System.LoggingLevel|true|false
16:42:15.0 (203233140)|VARIABLE_ASSIGNMENT|[59]|level|"DEBUG"|0x582f6c83
16:42:15.0 (203239651)|VARIABLE_SCOPE_BEGIN|[59]|className|String|false|false
16:42:15.0 (203251103)|VARIABLE_ASSIGNMENT|[59]|className|"SC049_GenericLogin"
16:42:15.0 (203256724)|VARIABLE_SCOPE_BEGIN|[59]|methodName|String|false|false
16:42:15.0 (203271221)|VARIABLE_ASSIGNMENT|[59]|methodName|"getInfo"
16:42:15.0 (203278812)|VARIABLE_SCOPE_BEGIN|[59]|message|String|false|false
16:42:15.0 (203297063)|VARIABLE_ASSIGNMENT|[59]|message|"No case found, Guest (18 more) ..."
16:42:15.0 (203305569)|STATEMENT_EXECUTE|[59]
16:42:15.0 (203308265)|STATEMENT_EXECUTE|[60]
16:42:15.0 (203314118)|HEAP_ALLOCATE|[60]|Bytes:84
16:42:15.0 (203325356)|SYSTEM_METHOD_ENTRY|[60]|System.debug(APEX_OBJECT, ANY)
16:42:15.0 (203335002)|USER_DEBUG|[60]|DEBUG|## >> [SC049_GenericLogin][getInfo][MESSAGE]: No case found, Guest user is connected
16:42:15.0 (203347056)|SYSTEM_METHOD_EXIT|[60]|System.debug(APEX_OBJECT, ANY)
16:42:15.0 (203355550)|METHOD_EXIT|[56]|01p0Y00000Odl9g|ObjectUtil.debugLog(System.LoggingLevel, String, String, String)
16:42:15.0 (203365825)|METHOD_EXIT|[72]|01p0Y00000Odl9g|ObjectUtil.debugLog(String, String, String)
16:42:15.0 (203373963)|STATEMENT_EXECUTE|[73]
16:42:15.0 (203402387)|METHOD_ENTRY|[73]|01p1n00000PV6c0|SC049_GenericLogin.buildSelfRegisterUrl(String, String, String, String, String, String, String)
16:42:15.0 (203423887)|VARIABLE_SCOPE_BEGIN|[93]|pTech_Lead_Id|String|false|false
16:42:15.0 (203441409)|VARIABLE_ASSIGNMENT|[93]|pTech_Lead_Id|"a0M1w000001fsAYEAY"
16:42:15.0 (203449339)|VARIABLE_SCOPE_BEGIN|[93]|pBrand|String|false|false
16:42:15.0 (203463362)|VARIABLE_ASSIGNMENT|[93]|pBrand|"AC"
16:42:15.0 (203473644)|VARIABLE_SCOPE_BEGIN|[93]|pLanguage|String|false|false
16:42:15.0 (203488291)|VARIABLE_ASSIGNMENT|[93]|pLanguage|"fr"
16:42:15.0 (203496258)|VARIABLE_SCOPE_BEGIN|[93]|pCount|String|false|false
16:42:15.0 (203513152)|VARIABLE_ASSIGNMENT|[93]|pCount|"FR"
16:42:15.0 (203521151)|VARIABLE_SCOPE_BEGIN|[93]|pSiteId|String|false|false
16:42:15.0 (203539014)|VARIABLE_ASSIGNMENT|[93]|pSiteId|"23"
16:42:15.0 (203547420)|VARIABLE_SCOPE_BEGIN|[93]|pUrlDns|String|false|false
16:42:15.0 (203566541)|VARIABLE_ASSIGNMENT|[93]|pUrlDns|"bugfix-psa-finance.c (14 more) ..."
16:42:15.0 (203574541)|VARIABLE_SCOPE_BEGIN|[93]|pToken|String|false|false
16:42:15.0 (203593394)|VARIABLE_ASSIGNMENT|[93]|pToken|"b46b7ae8c71f363fd71b (43 more) ..."
16:42:15.0 (203619278)|HEAP_ALLOCATE|[97]|Bytes:5
16:42:15.0 (203630959)|STATEMENT_EXECUTE|[95]
16:42:15.0 (203635080)|STATEMENT_EXECUTE|[97]
16:42:15.0 (203640679)|HEAP_ALLOCATE|[97]|Bytes:8
16:42:15.0 (203657308)|VARIABLE_SCOPE_BEGIN|[97]|RedirectionUrl|String|false|false
16:42:15.0 (203687272)|VARIABLE_ASSIGNMENT|[97]|RedirectionUrl|"https://"
16:42:15.0 (203701423)|STATEMENT_EXECUTE|[98]
16:42:15.0 (203712218)|HEAP_ALLOCATE|[98]|Bytes:42
16:42:15.0 (203726801)|VARIABLE_ASSIGNMENT|[98]|RedirectionUrl|"https://bugfix-psa-f (22 more) ..."
16:42:15.0 (203736966)|STATEMENT_EXECUTE|[99]
16:42:15.0 (203743306)|HEAP_ALLOCATE|[99]|Bytes:32
16:42:15.0 (203753496)|HEAP_ALLOCATE|[99]|Bytes:74
16:42:15.0 (203766466)|VARIABLE_ASSIGNMENT|[99]|RedirectionUrl|"https://bugfix-psa-f (54 more) ..."
16:42:15.0 (203774523)|STATEMENT_EXECUTE|[100]
16:42:15.0 (203800891)|HEAP_ALLOCATE|[100]|Bytes:4
16:42:15.0 (203823898)|SYSTEM_CONSTRUCTOR_ENTRY|[100]|<init>()
16:42:15.0 (203849143)|SYSTEM_CONSTRUCTOR_EXIT|[100]|<init>()
16:42:15.0 (203855699)|VARIABLE_SCOPE_BEGIN|[100]|params|List<String>|true|false
16:42:15.0 (203921818)|HEAP_ALLOCATE|[EXTERNAL]|Bytes:4
16:42:15.0 (203946042)|VARIABLE_ASSIGNMENT|[100]|params|[]|0x4e14972e
16:42:15.0 (203989166)|SYSTEM_METHOD_ENTRY|[101]|String.isNotEmpty(String)
16:42:15.0 (204019027)|SYSTEM_METHOD_EXIT|[101]|String.isNotEmpty(String)
16:42:15.0 (204029085)|STATEMENT_EXECUTE|[101]
16:42:15.0 (204032073)|STATEMENT_EXECUTE|[102]
16:42:15.0 (204037406)|HEAP_ALLOCATE|[102]|Bytes:9
16:42:15.0 (204047701)|HEAP_ALLOCATE|[102]|Bytes:11
16:42:15.0 (204069052)|SYSTEM_METHOD_ENTRY|[102]|List<String>.add(Object)
16:42:15.0 (204089071)|HEAP_ALLOCATE|[EXTERNAL]|Bytes:4
16:42:15.0 (204101873)|SYSTEM_METHOD_EXIT|[102]|List<String>.add(Object)
16:42:15.0 (204126775)|SYSTEM_METHOD_ENTRY|[104]|String.isNotEmpty(String)
16:42:15.0 (204147115)|SYSTEM_METHOD_EXIT|[104]|String.isNotEmpty(String)
16:42:15.0 (204154824)|STATEMENT_EXECUTE|[104]
16:42:15.0 (204157652)|STATEMENT_EXECUTE|[105]
16:42:15.0 (204161962)|HEAP_ALLOCATE|[105]|Bytes:6
16:42:15.0 (204170715)|HEAP_ALLOCATE|[105]|Bytes:8
16:42:15.0 (204183703)|SYSTEM_METHOD_ENTRY|[105]|List<String>.add(Object)
16:42:15.0 (204197131)|HEAP_ALLOCATE|[EXTERNAL]|Bytes:4
16:42:15.0 (204208235)|SYSTEM_METHOD_EXIT|[105]|List<String>.add(Object)
16:42:15.0 (204222804)|SYSTEM_METHOD_ENTRY|[107]|String.isNotEmpty(String)
16:42:15.0 (204241169)|SYSTEM_METHOD_EXIT|[107]|String.isNotEmpty(String)
16:42:15.0 (204248593)|STATEMENT_EXECUTE|[107]
16:42:15.0 (204251563)|STATEMENT_EXECUTE|[108]
16:42:15.0 (204255424)|HEAP_ALLOCATE|[108]|Bytes:6
16:42:15.0 (204264192)|HEAP_ALLOCATE|[108]|Bytes:24
16:42:15.0 (204276052)|SYSTEM_METHOD_ENTRY|[108]|List<String>.add(Object)
16:42:15.0 (204285811)|HEAP_ALLOCATE|[EXTERNAL]|Bytes:4
16:42:15.0 (204294607)|SYSTEM_METHOD_EXIT|[108]|List<String>.add(Object)
16:42:15.0 (204305510)|SYSTEM_METHOD_ENTRY|[110]|String.isNotEmpty(String)
16:42:15.0 (204318355)|SYSTEM_METHOD_EXIT|[110]|String.isNotEmpty(String)
16:42:15.0 (204323347)|STATEMENT_EXECUTE|[110]
16:42:15.0 (204326234)|STATEMENT_EXECUTE|[111]
16:42:15.0 (204329883)|HEAP_ALLOCATE|[111]|Bytes:6
16:42:15.0 (204336818)|HEAP_ALLOCATE|[111]|Bytes:8
16:42:15.0 (204346580)|SYSTEM_METHOD_ENTRY|[111]|List<String>.add(Object)
16:42:15.0 (204357479)|HEAP_ALLOCATE|[EXTERNAL]|Bytes:4
16:42:15.0 (204365538)|SYSTEM_METHOD_EXIT|[111]|List<String>.add(Object)
16:42:15.0 (204376112)|SYSTEM_METHOD_ENTRY|[113]|String.isNotEmpty(String)
16:42:15.0 (204389461)|SYSTEM_METHOD_EXIT|[113]|String.isNotEmpty(String)
16:42:15.0 (204394478)|STATEMENT_EXECUTE|[113]
16:42:15.0 (204397222)|STATEMENT_EXECUTE|[114]
16:42:15.0 (204400775)|HEAP_ALLOCATE|[114]|Bytes:5
16:42:15.0 (204407111)|HEAP_ALLOCATE|[114]|Bytes:7
16:42:15.0 (204416432)|SYSTEM_METHOD_ENTRY|[114]|List<String>.add(Object)
16:42:15.0 (204425351)|HEAP_ALLOCATE|[EXTERNAL]|Bytes:4
16:42:15.0 (204434029)|SYSTEM_METHOD_EXIT|[114]|List<String>.add(Object)
16:42:15.0 (204444406)|SYSTEM_METHOD_ENTRY|[116]|String.isNotEmpty(String)
16:42:15.0 (204456418)|SYSTEM_METHOD_EXIT|[116]|String.isNotEmpty(String)
16:42:15.0 (204461443)|STATEMENT_EXECUTE|[116]
16:42:15.0 (204464228)|STATEMENT_EXECUTE|[117]
16:42:15.0 (204467778)|HEAP_ALLOCATE|[117]|Bytes:6
16:42:15.0 (204474196)|HEAP_ALLOCATE|[117]|Bytes:69
16:42:15.0 (204483519)|SYSTEM_METHOD_ENTRY|[117]|List<String>.add(Object)
16:42:15.0 (204492443)|HEAP_ALLOCATE|[EXTERNAL]|Bytes:4
16:42:15.0 (204500680)|SYSTEM_METHOD_EXIT|[117]|List<String>.add(Object)
16:42:15.0 (204508786)|SYSTEM_METHOD_ENTRY|[119]|List<String>.size()
16:42:15.0 (204519653)|SYSTEM_METHOD_EXIT|[119]|List<String>.size()
16:42:15.0 (204527970)|STATEMENT_EXECUTE|[119]
16:42:15.0 (204530801)|STATEMENT_EXECUTE|[120]
16:42:15.0 (204534532)|HEAP_ALLOCATE|[120]|Bytes:1
16:42:15.0 (204560093)|SYSTEM_METHOD_ENTRY|[120]|String.join(Object, String)
16:42:15.0 (204654450)|HEAP_ALLOCATE|[120]|Bytes:5
16:42:15.0 (204670617)|HEAP_ALLOCATE|[120]|Bytes:11
16:42:15.0 (204681559)|HEAP_ALLOCATE|[120]|Bytes:5
16:42:15.0 (204689787)|HEAP_ALLOCATE|[120]|Bytes:8
16:42:15.0 (204700528)|HEAP_ALLOCATE|[120]|Bytes:5
16:42:15.0 (204707051)|HEAP_ALLOCATE|[120]|Bytes:24
16:42:15.0 (204713050)|HEAP_ALLOCATE|[120]|Bytes:5
16:42:15.0 (204718583)|HEAP_ALLOCATE|[120]|Bytes:8
16:42:15.0 (204724467)|HEAP_ALLOCATE|[120]|Bytes:5
16:42:15.0 (204729732)|HEAP_ALLOCATE|[120]|Bytes:7
16:42:15.0 (204735357)|HEAP_ALLOCATE|[120]|Bytes:5
16:42:15.0 (204740623)|HEAP_ALLOCATE|[120]|Bytes:69
16:42:15.0 (204746419)|HEAP_ALLOCATE|[120]|Bytes:5
16:42:15.0 (204753085)|HEAP_ALLOCATE|[120]|Bytes:132
16:42:15.0 (204783941)|SYSTEM_METHOD_EXIT|[120]|String.join(Object, String)
16:42:15.0 (204799377)|HEAP_ALLOCATE|[120]|Bytes:206
16:42:15.0 (204818056)|VARIABLE_ASSIGNMENT|[120]|RedirectionUrl|"https://bugfix-psa-f (186 more) ..."
16:42:15.0 (204825781)|STATEMENT_EXECUTE|[122]
16:42:15.0 (204843669)|METHOD_EXIT|[73]|01p1n00000PV6c0|SC049_GenericLogin.buildSelfRegisterUrl(String, String, String, String, String, String, String)
16:42:15.0 (204891791)|VARIABLE_ASSIGNMENT|[73]|this.RedirectionUrl|"https://bugfix-psa-f (186 more) ..."|0x44ce0625
16:42:15.0 (204905343)|STATEMENT_EXECUTE|[89]
16:42:15.0 (204913282)|HEAP_ALLOCATE|[89]|Bytes:6
16:42:15.0 (204936864)|SYSTEM_METHOD_ENTRY|[89]|String.valueOf(Object)
16:42:15.0 (205007983)|HEAP_ALLOCATE|[89]|Bytes:280
16:42:15.0 (205023453)|SYSTEM_METHOD_EXIT|[89]|String.valueOf(Object)
16:42:15.0 (205033482)|HEAP_ALLOCATE|[89]|Bytes:287
16:42:15.0 (205044568)|METHOD_ENTRY|[89]|01p0Y00000Odl9g|ObjectUtil.debugLogEnd(String, String, String)
16:42:15.0 (205053318)|VARIABLE_SCOPE_BEGIN|[40]|className|String|false|false
16:42:15.0 (205067392)|VARIABLE_ASSIGNMENT|[40]|className|"SC049_GenericLogin"
16:42:15.0 (205073611)|VARIABLE_SCOPE_BEGIN|[40]|methodName|String|false|false
16:42:15.0 (205086531)|VARIABLE_ASSIGNMENT|[40]|methodName|"getInfo"
16:42:15.0 (205099078)|VARIABLE_SCOPE_BEGIN|[40]|message|String|false|false
16:42:15.0 (205145744)|VARIABLE_ASSIGNMENT|[40]|message|"resp=<Resp:[ErrorMes (267 more) ..."
16:42:15.0 (205160467)|STATEMENT_EXECUTE|[40]
16:42:15.0 (205163483)|STATEMENT_EXECUTE|[41]
16:42:15.0 (205175714)|METHOD_ENTRY|[41]|01p0Y00000Odl9g|ObjectUtil.debugLogEnd(System.LoggingLevel, String, String, String)
16:42:15.0 (205186461)|VARIABLE_SCOPE_BEGIN|[44]|level|System.LoggingLevel|true|false
16:42:15.0 (205209961)|VARIABLE_ASSIGNMENT|[44]|level|"DEBUG"|0x582f6c83
16:42:15.0 (205224063)|VARIABLE_SCOPE_BEGIN|[44]|className|String|false|false
16:42:15.0 (205247235)|VARIABLE_ASSIGNMENT|[44]|className|"SC049_GenericLogin"
16:42:15.0 (205257085)|VARIABLE_SCOPE_BEGIN|[44]|methodName|String|false|false
16:42:15.0 (205267616)|VARIABLE_ASSIGNMENT|[44]|methodName|"getInfo"
16:42:15.0 (205272939)|VARIABLE_SCOPE_BEGIN|[44]|message|String|false|false
16:42:15.0 (205284852)|VARIABLE_ASSIGNMENT|[44]|message|"resp=<Resp:[ErrorMes (267 more) ..."
16:42:15.0 (205307991)|STATEMENT_EXECUTE|[44]
16:42:15.0 (205310852)|STATEMENT_EXECUTE|[45]
16:42:15.0 (205320162)|HEAP_ALLOCATE|[45]|Bytes:337
16:42:15.0 (205334924)|SYSTEM_METHOD_ENTRY|[45]|System.debug(APEX_OBJECT, ANY)
16:42:15.0 (205345402)|USER_DEBUG|[45]|DEBUG|## >> END [SC049_GenericLogin][getInfo][MESSAGE]: resp=<Resp:[ErrorMessage=null, RedirectionType=null, RedirectionUrl=https://bugfix-psa-finance.cs105.force.com/customfr/s/login/SelfRegister/?language=fr&count=FR&idSim=a0M1w000001fsAYEAY&brand=AC&site=23&token=b46b7ae8c71f363fd71b70728ec52dae125b4e3580db5199f098374c5a2da4c, Status=OK]>
16:42:15.0 (205356566)|SYSTEM_METHOD_EXIT|[45]|System.debug(APEX_OBJECT, ANY)
16:42:15.0 (205364968)|METHOD_EXIT|[41]|01p0Y00000Odl9g|ObjectUtil.debugLogEnd(System.LoggingLevel, String, String, String)
16:42:15.0 (205373758)|METHOD_EXIT|[89]|01p0Y00000Odl9g|ObjectUtil.debugLogEnd(String, String, String)
16:42:15.0 (205379745)|STATEMENT_EXECUTE|[90]
16:42:15.0 (205387912)|SYSTEM_MODE_EXIT|true
16:42:15.0 (205936957)|SYSTEM_MODE_EXIT|false
16:42:15.205 (205984850)|CUMULATIVE_LIMIT_USAGE
16:42:15.205 (205984850)|LIMIT_USAGE_FOR_NS|(default)|
  Number of SOQL queries: 2 out of 100
  Number of query rows: 1 out of 50000
  Number of SOSL queries: 0 out of 20
  Number of DML statements: 0 out of 150
  Number of DML rows: 0 out of 10000
  Maximum CPU time: 0 out of 10000
  Maximum heap size: 0 out of 6000000
  Number of callouts: 0 out of 100
  Number of Email Invocations: 0 out of 10
  Number of future calls: 0 out of 50
  Number of queueable jobs added to the queue: 0 out of 50
  Number of Mobile Apex push calls: 0 out of 10

16:42:15.205 (205984850)|TOTAL_EMAIL_RECIPIENTS_QUEUED|0
16:42:15.205 (205984850)|STATIC_VARIABLE_LIST|
  int:BYTES:0
  int:BYTES:0
  byte[]:DigitOnes:0
  byte[]:DigitTens:0
  Boolean:FALSE:0
  int:MAX_EXPONENT:0
  double:MAX_VALUE:0
  int:MAX_VALUE:0
  int:MIN_EXPONENT:0
  double:MIN_NORMAL:0
  double:MIN_VALUE:0
  int:MIN_VALUE:0
  double:NEGATIVE_INFINITY:0
  double:NaN:0
  double:POSITIVE_INFINITY:0
  int:SIZE:0
  int:SIZE:0
  Boolean:TRUE:0
  String:__sfdcInnerTypes:0
  String:__sfdcInnerTypes:0
  String:__sfdcInnerTypes:0
  String:_sfdcAdditionalCodeLocations:0
  String:_sfdcAdditionalCodeLocations:0
  String:_sfdcAdditionalCodeLocations:0
  String:_sfdcAdditionalCodeLocations:0
  String:_sfdcAdditionalCodeLocations:0
  String:_sfdcAdditionalCodeLocations:0
  String:_sfdcAdditionalCodeLocations:0
  String:_sfdcSuppressedCodeLocations:0
  String:_sfdcSuppressedCodeLocations:0
  String:_static_CLASS_NAME:0
  String:_static_CLASS_NAME:0
  String:_static_CLASS_NAME:0
  String:_static_LISTBYIDS_QUERY:0
  String:_static_LIST_GET_CASE_BY:0
  String:_static_OBJECT_NAME:0
  Map<String,Schema.SObjectType>:_static_schemaMap:0
  char[]:digits:0
  long:serialVersionUID:0
  long:serialVersionUID:0
  long:serialVersionUID:0
  int[]:sizeTable:0

16:42:15.205 (205984850)|CUMULATIVE_LIMIT_USAGE_END

16:42:15.0 (206169180)|CODE_UNIT_FINISHED|SC049_GenericLogin.getInfo(String, String, String, String, String, String, String)
16:42:15.0 (207513805)|CODE_UNIT_FINISHED|Aura
16:42:15.0 (207532483)|EXECUTION_FINISHED
16:42:15.209 (209716320)|CUMULATIVE_PROFILING_BEGIN
16:42:15.209 (209716320)|CUMULATIVE_PROFILING|No profiling information for SOQL operations
16:42:15.209 (209716320)|CUMULATIVE_PROFILING|No profiling information for SOSL operations
16:42:15.209 (209716320)|CUMULATIVE_PROFILING|No profiling information for DML operations
16:42:15.209 (209716320)|CUMULATIVE_PROFILING|No profiling information for method invocations
16:42:15.209 (209716320)|CUMULATIVE_PROFILING_END
