49.0 APEX_CODE,FINEST;APEX_PROFILING,FINEST;CALLOUT,FINEST;DB,FINEST;NBA,INFO;SYSTEM,FINE;VALIDATION,INFO;VISUALFORCE,FINER;WAVE,FINEST;WORKFLOW,FINER
16:42:52.0 (196485)|USER_INFO|[EXTERNAL]|0051n000004JSTA|customfr@psa-finance.force.com.bugfix|(GMT+00:00) heure moyenne de Greenwich (GMT)|GMTZ
16:42:52.0 (257166)|EXECUTION_STARTED
16:42:52.0 (262934)|CODE_UNIT_STARTED|[EXTERNAL]|Aura
16:42:52.0 (2605337)|CODE_UNIT_STARTED|[EXTERNAL]|01p0Y00000Odl9V|LightningSelfRegisterController.upsertLead(TECH_Lead__c, String)
16:42:52.0 (2810484)|HEAP_ALLOCATE|[79]|Bytes:3
16:42:52.0 (2881108)|HEAP_ALLOCATE|[84]|Bytes:152
16:42:52.0 (2901553)|HEAP_ALLOCATE|[399]|Bytes:408
16:42:52.0 (2919233)|HEAP_ALLOCATE|[412]|Bytes:408
16:42:52.0 (2936167)|HEAP_ALLOCATE|[520]|Bytes:48
16:42:52.0 (2966001)|HEAP_ALLOCATE|[139]|Bytes:6
16:42:52.0 (2994363)|VARIABLE_SCOPE_BEGIN|[3]|LightningSelfRegisterController.CLASS_NAME|String|false|true
16:42:52.0 (3011356)|VARIABLE_SCOPE_BEGIN|[6]|LightningSelfRegisterController.ERROR_ANONYMOUS_EXISTS|String|false|true
16:42:52.0 (3024837)|VARIABLE_SCOPE_BEGIN|[5]|LightningSelfRegisterController.ERROR_CUSTOMER_EXISTS|String|false|true
16:42:52.0 (3038734)|VARIABLE_SCOPE_BEGIN|[8]|LightningSelfRegisterController.SEND_WELCOME_MAIL_SEND|String|false|true
16:42:52.0 (3091237)|HEAP_ALLOCATE|[EXTERNAL]|Bytes:42
16:42:52.0 (3100826)|HEAP_ALLOCATE|[EXTERNAL]|Bytes:28
16:42:52.0 (3108256)|HEAP_ALLOCATE|[EXTERNAL]|Bytes:5
16:42:52.0 (3116658)|HEAP_ALLOCATE|[EXTERNAL]|Bytes:22
16:42:52.0 (3177947)|VARIABLE_ASSIGNMENT|[EXTERNAL]|LightningSelfRegisterController.ERROR_ANONYMOUS_EXISTS|"ERROR:ANONYMOUS_EXIS (2 more) ..."
16:42:52.0 (3190549)|HEAP_ALLOCATE|[EXTERNAL]|Bytes:21
16:42:52.0 (3204260)|VARIABLE_ASSIGNMENT|[EXTERNAL]|LightningSelfRegisterController.ERROR_CUSTOMER_EXISTS|"ERROR:CUSTOMER_EXIST (1 more) ..."
16:42:52.0 (3212329)|HEAP_ALLOCATE|[EXTERNAL]|Bytes:4
16:42:52.0 (3223396)|VARIABLE_ASSIGNMENT|[EXTERNAL]|LightningSelfRegisterController.SEND_WELCOME_MAIL_SEND|"SEND"
16:42:52.0 (3242118)|METHOD_ENTRY|[1]|01p0Y00000Odl9V|LightningSelfRegisterController.LightningSelfRegisterController()
16:42:52.0 (3253061)|STATEMENT_EXECUTE|[1]
16:42:52.0 (3260012)|STATEMENT_EXECUTE|[1]
16:42:52.0 (3262755)|STATEMENT_EXECUTE|[3]
16:42:52.0 (3267517)|HEAP_ALLOCATE|[3]|Bytes:31
16:42:52.0 (3340308)|HEAP_ALLOCATE|[52]|Bytes:5
16:42:52.0 (3381901)|HEAP_ALLOCATE|[58]|Bytes:5
16:42:52.0 (3393995)|HEAP_ALLOCATE|[66]|Bytes:7
16:42:52.0 (3504463)|HEAP_ALLOCATE|[3]|Bytes:30
16:42:52.0 (3519514)|SYSTEM_METHOD_ENTRY|[1]|Type.Type()
16:42:52.0 (3525155)|STATEMENT_EXECUTE|[1]
16:42:52.0 (3535564)|SYSTEM_METHOD_EXIT|[1]|Type
16:42:52.0 (3542876)|HEAP_ALLOCATE|[3]|Bytes:8
16:42:52.0 (3565307)|HEAP_ALLOCATE|[3]|Bytes:8
16:42:52.0 (3574838)|VARIABLE_SCOPE_BEGIN|[4]|this|System.Type|true|false
16:42:52.0 (3622975)|VARIABLE_ASSIGNMENT|[4]|this|{}|0x66d05e93
16:42:52.0 (3634841)|VARIABLE_SCOPE_BEGIN|[4]|apextype|java:common.apex.runtime.ApexObjectType|true|false
16:42:52.0 (3917821)|VARIABLE_ASSIGNMENT|[4]|apextype|"LightningSelfRegisterController"|0x48c99d2b
16:42:52.0 (5408672)|HEAP_ALLOCATE|[3]|Bytes:8
16:42:52.0 (5455302)|METHOD_ENTRY|[3]||System.Type.getName()
16:42:52.0 (5518570)|METHOD_EXIT|[3]||System.Type.getName()
16:42:52.0 (5548576)|VARIABLE_ASSIGNMENT|[3]|LightningSelfRegisterController.CLASS_NAME|"LightningSelfRegiste (11 more) ..."
16:42:52.0 (5558900)|STATEMENT_EXECUTE|[10]
16:42:52.0 (5562262)|STATEMENT_EXECUTE|[234]
16:42:52.0 (5569440)|METHOD_EXIT|[1]|LightningSelfRegisterController
16:42:52.0 (5596102)|HEAP_ALLOCATE|[EXTERNAL]|Bytes:32
16:42:52.0 (5603836)|HEAP_ALLOCATE|[EXTERNAL]|Bytes:63
16:42:52.0 (5620551)|SYSTEM_MODE_ENTER|false
16:42:52.0 (5631631)|VARIABLE_SCOPE_BEGIN|[48]|techLead|TECH_Lead__c|true|false
16:42:52.0 (5679864)|VARIABLE_ASSIGNMENT|[48]|techLead|{"TECH_Id_Fasol__c":"a0M1w000001fsAYEAY","Salutation__c":"MR","Phone__c":"0600000000","Agree_General_Terms__c":true,"First_Name__c":"SOULDI","Last_Name__c":"Khalil","Email__c":"khalil@yopmail.com"}|0xe705fa7
16:42:52.0 (5695720)|VARIABLE_SCOPE_BEGIN|[48]|token|String|false|false
16:42:52.0 (5719650)|VARIABLE_ASSIGNMENT|[48]|token|"b46b7ae8c71f363fd71b (43 more) ..."
16:42:52.0 (5732742)|STATEMENT_EXECUTE|[48]
16:42:52.0 (5735734)|STATEMENT_EXECUTE|[49]
16:42:52.0 (5740219)|HEAP_ALLOCATE|[49]|Bytes:10
16:42:52.0 (5749416)|VARIABLE_SCOPE_BEGIN|[49]|methodName|String|false|false
16:42:52.0 (5824212)|VARIABLE_ASSIGNMENT|[49]|methodName|"upsertLead"
16:42:52.0 (5835895)|STATEMENT_EXECUTE|[50]
16:42:52.0 (5845600)|HEAP_ALLOCATE|[50]|Bytes:11
16:42:52.0 (5919662)|SYSTEM_METHOD_ENTRY|[50]|String.valueOf(Object)
16:42:52.0 (6032450)|HEAP_ALLOCATE|[50]|Bytes:190
16:42:52.0 (6054907)|SYSTEM_METHOD_EXIT|[50]|String.valueOf(Object)
16:42:52.0 (6065045)|HEAP_ALLOCATE|[51]|Bytes:11
16:42:52.0 (6081947)|HEAP_ALLOCATE|[50]|Bytes:275
16:42:52.0 (6190272)|VARIABLE_SCOPE_BEGIN|[6]|ObjectUtil.CLASS_NAME|String|false|true
16:42:52.0 (6208386)|VARIABLE_SCOPE_BEGIN|[1081]|ObjectUtil.mdtMockDockingMandatoryFields|Docking_Mandatory_Fields__mdt|true|true
16:42:52.0 (6221974)|VARIABLE_SCOPE_BEGIN|[7]|ObjectUtil.schemaMap|Map<String,Schema.SObjectType>|true|true
16:42:52.0 (6244341)|HEAP_ALLOCATE|[50]|Bytes:4
16:42:52.0 (6253703)|HEAP_ALLOCATE|[50]|Bytes:296
16:42:52.0 (6259449)|HEAP_ALLOCATE|[50]|Bytes:63
16:42:52.0 (6364245)|METHOD_ENTRY|[5]|01p0Y00000Odl9g|ObjectUtil.ObjectUtil()
16:42:52.0 (6374140)|STATEMENT_EXECUTE|[5]
16:42:52.0 (6379192)|STATEMENT_EXECUTE|[5]
16:42:52.0 (6384247)|STATEMENT_EXECUTE|[6]
16:42:52.0 (6388564)|HEAP_ALLOCATE|[6]|Bytes:10
16:42:52.0 (6458482)|HEAP_ALLOCATE|[6]|Bytes:8
16:42:52.0 (6472382)|HEAP_ALLOCATE|[6]|Bytes:8
16:42:52.0 (6481823)|VARIABLE_SCOPE_BEGIN|[4]|this|System.Type|true|false
16:42:52.0 (6520250)|VARIABLE_ASSIGNMENT|[4]|this|{}|0x45fcb40a
16:42:52.0 (6532934)|VARIABLE_SCOPE_BEGIN|[4]|apextype|java:common.apex.runtime.ApexObjectType|true|false
16:42:52.0 (6698146)|VARIABLE_ASSIGNMENT|[4]|apextype|"ObjectUtil"|0x3766227d
16:42:52.0 (6743165)|HEAP_ALLOCATE|[6]|Bytes:8
16:42:52.0 (6762172)|METHOD_ENTRY|[6]||System.Type.getName()
16:42:52.0 (6799288)|METHOD_EXIT|[6]||System.Type.getName()
16:42:52.0 (6818773)|VARIABLE_ASSIGNMENT|[6]|ObjectUtil.CLASS_NAME|"ObjectUtil"
16:42:52.0 (6827221)|STATEMENT_EXECUTE|[9]
16:42:52.0 (6830258)|STATEMENT_EXECUTE|[10]
16:42:52.0 (6850572)|SYSTEM_METHOD_ENTRY|[10]|Schema.getGlobalDescribe()
16:42:52.0 (59988414)|HEAP_ALLOCATE|[10]|Bytes:2644
16:42:52.0 (60027646)|SYSTEM_METHOD_EXIT|[10]|Schema.getGlobalDescribe()
16:42:52.0 (60703286)|VARIABLE_ASSIGNMENT|[10]|ObjectUtil.schemaMap|"{acceptedeventrelation=AcceptedEventRelation, account=Account, accountbrand=AccountBrand, accountbrandshare=AccountBrandShare, accountchangeevent=AccountChangeEvent, accountcontactrole=AccountContactRole, accountcontactrolechangeevent=AccountContactRoleChangeEvent, accountfeed=AccountFeed, accounthistory=AccountHistory, accountpartner=AccountPartner, ...}"|0x18c304e0
16:42:52.0 (60724709)|STATEMENT_EXECUTE|[13]
16:42:52.0 (60739951)|METHOD_EXIT|[5]|ObjectUtil
16:42:52.0 (60769521)|METHOD_ENTRY|[50]|01p0Y00000Odl9g|ObjectUtil.debugLogBegin(String, String, String)
16:42:52.0 (60783635)|VARIABLE_SCOPE_BEGIN|[25]|className|String|false|false
16:42:52.0 (60812451)|VARIABLE_ASSIGNMENT|[25]|className|"LightningSelfRegiste (11 more) ..."
16:42:52.0 (60823457)|VARIABLE_SCOPE_BEGIN|[25]|methodName|String|false|false
16:42:52.0 (60839958)|VARIABLE_ASSIGNMENT|[25]|methodName|"upsertLead"
16:42:52.0 (60847581)|VARIABLE_SCOPE_BEGIN|[25]|theMessage|String|false|false
16:42:52.0 (60866866)|VARIABLE_ASSIGNMENT|[25]|theMessage|"[techLead]:TECH_Lead (255 more) ..."
16:42:52.0 (60879290)|STATEMENT_EXECUTE|[25]
16:42:52.0 (60882236)|STATEMENT_EXECUTE|[26]
16:42:52.0 (61128798)|METHOD_ENTRY|[26]|01p0Y00000Odl9g|ObjectUtil.debugLogBegin(System.LoggingLevel, String, String, String)
16:42:52.0 (61164184)|VARIABLE_SCOPE_BEGIN|[29]|level|System.LoggingLevel|true|false
16:42:52.0 (61197483)|VARIABLE_ASSIGNMENT|[29]|level|"DEBUG"|0x28ce34bd
16:42:52.0 (61209239)|VARIABLE_SCOPE_BEGIN|[29]|className|String|false|false
16:42:52.0 (61226364)|VARIABLE_ASSIGNMENT|[29]|className|"LightningSelfRegiste (11 more) ..."
16:42:52.0 (61234506)|VARIABLE_SCOPE_BEGIN|[29]|methodName|String|false|false
16:42:52.0 (61250966)|VARIABLE_ASSIGNMENT|[29]|methodName|"upsertLead"
16:42:52.0 (61258611)|VARIABLE_SCOPE_BEGIN|[29]|theMessage|String|false|false
16:42:52.0 (61276283)|VARIABLE_ASSIGNMENT|[29]|theMessage|"[techLead]:TECH_Lead (255 more) ..."
16:42:52.0 (61285508)|STATEMENT_EXECUTE|[29]
16:42:52.0 (61288373)|STATEMENT_EXECUTE|[30]
16:42:52.0 (61294205)|HEAP_ALLOCATE|[30]|Bytes:13
16:42:52.0 (61300642)|HEAP_ALLOCATE|[30]|Bytes:2
16:42:52.0 (61307858)|HEAP_ALLOCATE|[30]|Bytes:15
16:42:52.0 (61328383)|HEAP_ALLOCATE|[30]|Bytes:346
16:42:52.0 (61351645)|SYSTEM_METHOD_ENTRY|[30]|System.debug(APEX_OBJECT, ANY)
16:42:52.0 (61376672)|USER_DEBUG|[30]|DEBUG|## >> BEGIN [LightningSelfRegisterController][upsertLead][theMessage]: [techLead]:TECH_Lead__c:{TECH_Id_Fasol__c=a0M1w000001fsAYEAY, Salutation__c=MR, Phone__c=0600000000, Agree_General_Terms__c=true, First_Name__c=SOULDI, Last_Name__c=Khalil, Email__c=khalil@yopmail.com} - [token]:b46b7ae8c71f363fd71b70728ec52dae125b4e3580db5199f098374c5a2da4c
16:42:52.0 (61396354)|SYSTEM_METHOD_EXIT|[30]|System.debug(APEX_OBJECT, ANY)
16:42:52.0 (61407426)|METHOD_EXIT|[26]|01p0Y00000Odl9g|ObjectUtil.debugLogBegin(System.LoggingLevel, String, String, String)
16:42:52.0 (61420205)|METHOD_EXIT|[50]|01p0Y00000Odl9g|ObjectUtil.debugLogBegin(String, String, String)
16:42:52.0 (61428876)|STATEMENT_EXECUTE|[52]
16:42:52.0 (61434889)|VARIABLE_SCOPE_BEGIN|[52]|ret|String|false|false
16:42:52.0 (61459675)|VARIABLE_ASSIGNMENT|[52]|ret|null
16:42:52.0 (61469347)|STATEMENT_EXECUTE|[53]
16:42:52.0 (61472093)|STATEMENT_EXECUTE|[53]
16:42:52.0 (61665298)|VARIABLE_SCOPE_BEGIN|[9]|EM005_TechLead.CLASS_NAME|String|false|true
16:42:52.0 (61680371)|VARIABLE_SCOPE_BEGIN|[16]|EM005_TechLead.DEALER_TYPE_1|String|false|true
16:42:52.0 (61695101)|VARIABLE_SCOPE_BEGIN|[18]|EM005_TechLead.LEAD_NATURE_FINANCIAL_SOL|String|false|true
16:42:52.0 (61707639)|VARIABLE_SCOPE_BEGIN|[19]|EM005_TechLead.LEAD_ORIGIN_WEB|String|false|true
16:42:52.0 (61721977)|VARIABLE_SCOPE_BEGIN|[20]|EM005_TechLead.LEAD_TYPE_PARTICULAR|String|false|true
16:42:52.0 (61734020)|VARIABLE_SCOPE_BEGIN|[22]|EM005_TechLead.SALUTATION_MR|String|false|true
16:42:52.0 (61748416)|VARIABLE_SCOPE_BEGIN|[24]|EM005_TechLead.SALUTATION_MRS|String|false|true
16:42:52.0 (61760624)|VARIABLE_SCOPE_BEGIN|[23]|EM005_TechLead.SALUTATION_MS|String|false|true
16:42:52.0 (61774914)|VARIABLE_SCOPE_BEGIN|[14]|EM005_TechLead.STATUS_CONVERTED|String|false|true
16:42:52.0 (61789089)|VARIABLE_SCOPE_BEGIN|[12]|EM005_TechLead.STATUS_IN_PROGRESS|String|false|true
16:42:52.0 (61804038)|VARIABLE_SCOPE_BEGIN|[11]|EM005_TechLead.STATUS_NEW|String|false|true
16:42:52.0 (61816252)|VARIABLE_SCOPE_BEGIN|[13]|EM005_TechLead.STATUS_QUALIFIED|String|false|true
16:42:52.0 (61842125)|HEAP_ALLOCATE|[54]|Bytes:5
16:42:52.0 (61852793)|HEAP_ALLOCATE|[54]|Bytes:1
16:42:52.0 (61868569)|VARIABLE_ASSIGNMENT|[54]|EM005_TechLead.DEALER_TYPE_1|"1"
16:42:52.0 (61876402)|HEAP_ALLOCATE|[54]|Bytes:2
16:42:52.0 (61887950)|VARIABLE_ASSIGNMENT|[54]|EM005_TechLead.LEAD_NATURE_FINANCIAL_SOL|"31"
16:42:52.0 (61895764)|HEAP_ALLOCATE|[54]|Bytes:3
16:42:52.0 (61906841)|VARIABLE_ASSIGNMENT|[54]|EM005_TechLead.LEAD_ORIGIN_WEB|"Web"
16:42:52.0 (61914444)|HEAP_ALLOCATE|[54]|Bytes:1
16:42:52.0 (61927633)|VARIABLE_ASSIGNMENT|[54]|EM005_TechLead.LEAD_TYPE_PARTICULAR|"1"
16:42:52.0 (61935670)|HEAP_ALLOCATE|[54]|Bytes:2
16:42:52.0 (61946346)|VARIABLE_ASSIGNMENT|[54]|EM005_TechLead.SALUTATION_MR|"MR"
16:42:52.0 (61954364)|HEAP_ALLOCATE|[54]|Bytes:3
16:42:52.0 (61965980)|VARIABLE_ASSIGNMENT|[54]|EM005_TechLead.SALUTATION_MRS|"MRS"
16:42:52.0 (61975406)|HEAP_ALLOCATE|[54]|Bytes:2
16:42:52.0 (61986400)|VARIABLE_ASSIGNMENT|[54]|EM005_TechLead.SALUTATION_MS|"MS"
16:42:52.0 (61993816)|HEAP_ALLOCATE|[54]|Bytes:2
16:42:52.0 (62005433)|VARIABLE_ASSIGNMENT|[54]|EM005_TechLead.STATUS_CONVERTED|"04"
16:42:52.0 (62013715)|HEAP_ALLOCATE|[54]|Bytes:2
16:42:52.0 (62027037)|VARIABLE_ASSIGNMENT|[54]|EM005_TechLead.STATUS_IN_PROGRESS|"02"
16:42:52.0 (62035137)|HEAP_ALLOCATE|[54]|Bytes:2
16:42:52.0 (62046851)|VARIABLE_ASSIGNMENT|[54]|EM005_TechLead.STATUS_NEW|"01"
16:42:52.0 (62054662)|HEAP_ALLOCATE|[54]|Bytes:2
16:42:52.0 (62068175)|VARIABLE_ASSIGNMENT|[54]|EM005_TechLead.STATUS_QUALIFIED|"03"
16:42:52.0 (62086553)|METHOD_ENTRY|[7]|01p0Y00000Odl8y|EM005_TechLead.EM005_TechLead()
16:42:52.0 (62095055)|STATEMENT_EXECUTE|[7]
16:42:52.0 (62101212)|STATEMENT_EXECUTE|[7]
16:42:52.0 (62122842)|HEAP_ALLOCATE|[9]|Bytes:5
16:42:52.0 (62133416)|STATEMENT_EXECUTE|[9]
16:42:52.0 (62137131)|HEAP_ALLOCATE|[9]|Bytes:14
16:42:52.0 (62202694)|HEAP_ALLOCATE|[9]|Bytes:8
16:42:52.0 (62216420)|HEAP_ALLOCATE|[9]|Bytes:8
16:42:52.0 (62224150)|VARIABLE_SCOPE_BEGIN|[4]|this|System.Type|true|false
16:42:52.0 (62270030)|VARIABLE_ASSIGNMENT|[4]|this|{}|0x1b8b296e
16:42:52.0 (62286849)|VARIABLE_SCOPE_BEGIN|[4]|apextype|java:common.apex.runtime.ApexObjectType|true|false
16:42:52.0 (62457301)|VARIABLE_ASSIGNMENT|[4]|apextype|"EM005_TechLead"|0x4203994d
16:42:52.0 (62507315)|HEAP_ALLOCATE|[9]|Bytes:8
16:42:52.0 (62528111)|METHOD_ENTRY|[9]||System.Type.getName()
16:42:52.0 (62569901)|METHOD_EXIT|[9]||System.Type.getName()
16:42:52.0 (62587956)|VARIABLE_ASSIGNMENT|[9]|EM005_TechLead.CLASS_NAME|"EM005_TechLead"
16:42:52.0 (62606530)|METHOD_EXIT|[7]|EM005_TechLead
16:42:52.0 (62622603)|METHOD_ENTRY|[54]|01p0Y00000Odl8y|EM005_TechLead.checkSecurityToken(String, String)
16:42:52.0 (62642620)|VARIABLE_SCOPE_BEGIN|[26]|techLeadId|String|false|false
16:42:52.0 (62661567)|VARIABLE_ASSIGNMENT|[26]|techLeadId|"a0M1w000001fsAYEAY"
16:42:52.0 (62671233)|VARIABLE_SCOPE_BEGIN|[26]|token|String|false|false
16:42:52.0 (62690916)|VARIABLE_ASSIGNMENT|[26]|token|"b46b7ae8c71f363fd71b (43 more) ..."
16:42:52.0 (62705807)|HEAP_ALLOCATE|[27]|Bytes:5
16:42:52.0 (62712078)|STATEMENT_EXECUTE|[26]
16:42:52.0 (62716892)|STATEMENT_EXECUTE|[27]
16:42:52.0 (62722186)|HEAP_ALLOCATE|[27]|Bytes:18
16:42:52.0 (62730925)|VARIABLE_SCOPE_BEGIN|[27]|methodName|String|false|false
16:42:52.0 (62747782)|VARIABLE_ASSIGNMENT|[27]|methodName|"checkSecurityToken"
16:42:52.0 (62755247)|STATEMENT_EXECUTE|[28]
16:42:52.0 (62763065)|VARIABLE_SCOPE_BEGIN|[28]|valid|Boolean|false|false
16:42:52.0 (62776030)|HEAP_ALLOCATE|[28]|Bytes:5
16:42:52.0 (62787488)|VARIABLE_ASSIGNMENT|[28]|valid|false
16:42:52.0 (62795335)|STATEMENT_EXECUTE|[29]
16:42:52.0 (62802147)|HEAP_ALLOCATE|[29]|Bytes:13
16:42:52.0 (62818401)|HEAP_ALLOCATE|[29]|Bytes:31
16:42:52.0 (62830535)|METHOD_ENTRY|[29]|01p0Y00000Odl9g|ObjectUtil.debugLogBegin(String, String, String)
16:42:52.0 (62847386)|VARIABLE_SCOPE_BEGIN|[25]|className|String|false|false
16:42:52.0 (62863270)|VARIABLE_ASSIGNMENT|[25]|className|"EM005_TechLead"
16:42:52.0 (62870944)|VARIABLE_SCOPE_BEGIN|[25]|methodName|String|false|false
16:42:52.0 (62888300)|VARIABLE_ASSIGNMENT|[25]|methodName|"checkSecurityToken"
16:42:52.0 (62895726)|VARIABLE_SCOPE_BEGIN|[25]|theMessage|String|false|false
16:42:52.0 (62914065)|VARIABLE_ASSIGNMENT|[25]|theMessage|"[techLeadId]:a0M1w00 (11 more) ..."
16:42:52.0 (62922654)|STATEMENT_EXECUTE|[25]
16:42:52.0 (62925500)|STATEMENT_EXECUTE|[26]
16:42:52.0 (62935618)|METHOD_ENTRY|[26]|01p0Y00000Odl9g|ObjectUtil.debugLogBegin(System.LoggingLevel, String, String, String)
16:42:52.0 (62944153)|VARIABLE_SCOPE_BEGIN|[29]|level|System.LoggingLevel|true|false
16:42:52.0 (62967715)|VARIABLE_ASSIGNMENT|[29]|level|"DEBUG"|0x28ce34bd
16:42:52.0 (62976447)|VARIABLE_SCOPE_BEGIN|[29]|className|String|false|false
16:42:52.0 (62993485)|VARIABLE_ASSIGNMENT|[29]|className|"EM005_TechLead"
16:42:52.0 (63000726)|VARIABLE_SCOPE_BEGIN|[29]|methodName|String|false|false
16:42:52.0 (63018938)|VARIABLE_ASSIGNMENT|[29]|methodName|"checkSecurityToken"
16:42:52.0 (63026439)|VARIABLE_SCOPE_BEGIN|[29]|theMessage|String|false|false
16:42:52.0 (63042870)|VARIABLE_ASSIGNMENT|[29]|theMessage|"[techLeadId]:a0M1w00 (11 more) ..."
16:42:52.0 (63053004)|STATEMENT_EXECUTE|[29]
16:42:52.0 (63055768)|STATEMENT_EXECUTE|[30]
16:42:52.0 (63063893)|HEAP_ALLOCATE|[30]|Bytes:93
16:42:52.0 (63078715)|SYSTEM_METHOD_ENTRY|[30]|System.debug(APEX_OBJECT, ANY)
16:42:52.0 (63091082)|USER_DEBUG|[30]|DEBUG|## >> BEGIN [EM005_TechLead][checkSecurityToken][theMessage]: [techLeadId]:a0M1w000001fsAYEAY
16:42:52.0 (63102008)|SYSTEM_METHOD_EXIT|[30]|System.debug(APEX_OBJECT, ANY)
16:42:52.0 (63111627)|METHOD_EXIT|[26]|01p0Y00000Odl9g|ObjectUtil.debugLogBegin(System.LoggingLevel, String, String, String)
16:42:52.0 (63123178)|METHOD_EXIT|[29]|01p0Y00000Odl9g|ObjectUtil.debugLogBegin(String, String, String)
16:42:52.0 (63161528)|SYSTEM_METHOD_ENTRY|[30]|String.isEmpty(String)
16:42:52.0 (63187847)|SYSTEM_METHOD_EXIT|[30]|String.isEmpty(String)
16:42:52.0 (63199328)|STATEMENT_EXECUTE|[30]
16:42:52.0 (63202130)|STATEMENT_EXECUTE|[31]
16:42:52.0 (63291955)|VARIABLE_SCOPE_BEGIN|[9]|DM003_TechLead.CLASS_NAME|String|false|true
16:42:52.0 (63307906)|VARIABLE_SCOPE_BEGIN|[12]|DM003_TechLead.OBJECT_NAME|String|false|true
16:42:52.0 (63325677)|HEAP_ALLOCATE|[31]|Bytes:14
16:42:52.0 (63340221)|METHOD_ENTRY|[7]|01p0Y00000Odl8V|DM003_TechLead.DM003_TechLead()
16:42:52.0 (63349011)|STATEMENT_EXECUTE|[7]
16:42:52.0 (63352988)|STATEMENT_EXECUTE|[7]
16:42:52.0 (63360660)|SYSTEM_MODE_ENTER|true
16:42:52.0 (63372083)|HEAP_ALLOCATE|[9]|Bytes:5
16:42:52.0 (63380030)|STATEMENT_EXECUTE|[9]
16:42:52.0 (63383805)|HEAP_ALLOCATE|[9]|Bytes:14
16:42:52.0 (63424936)|HEAP_ALLOCATE|[9]|Bytes:8
16:42:52.0 (63434334)|HEAP_ALLOCATE|[9]|Bytes:8
16:42:52.0 (63442040)|VARIABLE_SCOPE_BEGIN|[4]|this|System.Type|true|false
16:42:52.0 (63479220)|VARIABLE_ASSIGNMENT|[4]|this|{}|0x51b02b2
16:42:52.0 (63488377)|VARIABLE_SCOPE_BEGIN|[4]|apextype|java:common.apex.runtime.ApexObjectType|true|false
16:42:52.0 (63585754)|VARIABLE_ASSIGNMENT|[4]|apextype|"DM003_TechLead"|0x686da404
16:42:52.0 (63626334)|HEAP_ALLOCATE|[9]|Bytes:8
16:42:52.0 (63641824)|METHOD_ENTRY|[9]||System.Type.getName()
16:42:52.0 (63674415)|METHOD_EXIT|[9]||System.Type.getName()
16:42:52.0 (63691886)|VARIABLE_ASSIGNMENT|[9]|DM003_TechLead.CLASS_NAME|"DM003_TechLead"
16:42:52.0 (63700023)|STATEMENT_EXECUTE|[12]
16:42:52.0 (63703866)|HEAP_ALLOCATE|[12]|Bytes:12
16:42:52.0 (63717411)|VARIABLE_ASSIGNMENT|[12]|DM003_TechLead.OBJECT_NAME|"TECH_Lead__c"
16:42:52.0 (63730289)|SYSTEM_MODE_EXIT|true
16:42:52.0 (63741869)|METHOD_EXIT|[7]|DM003_TechLead
16:42:52.0 (63760476)|METHOD_ENTRY|[31]|01p0Y00000Odl8V|DM003_TechLead.getTechLeadWithSecurityToken(String)
16:42:52.0 (63781806)|VARIABLE_SCOPE_BEGIN|[85]|techId|String|false|false
16:42:52.0 (63799035)|VARIABLE_ASSIGNMENT|[85]|techId|"a0M1w000001fsAYEAY"
16:42:52.0 (63812381)|SYSTEM_MODE_ENTER|true
16:42:52.0 (63819439)|HEAP_ALLOCATE|[86]|Bytes:5
16:42:52.0 (63827696)|STATEMENT_EXECUTE|[85]
16:42:52.0 (63830489)|STATEMENT_EXECUTE|[86]
16:42:52.0 (63833946)|HEAP_ALLOCATE|[86]|Bytes:106
16:42:52.0 (63861893)|HEAP_ALLOCATE|[86]|Bytes:4
16:42:52.0 (63877382)|HEAP_ALLOCATE|[86]|Bytes:7
16:42:52.0 (64390484)|SOQL_EXECUTE_BEGIN|[86]|Aggregations:0|SELECT Id, TECH_Security_token__c, CreatedDate FROM TECH_Lead__c WHERE TECH_Id_Fasol__c = :tmpVar1 LIMIT 1
16:42:52.0 (64414962)|LIMIT_USAGE|[86]|SOQL|1|100
16:42:52.0 (64443183)|LIMIT_USAGE|[86]|AGGS|0|300
16:42:52.0 (74018515)|SOQL_EXECUTE_EXPLAIN|[86]|Index on TECH_Lead__c : [TECH_Id_Fasol__c], cardinality: 1, sobjectCardinality: 23, relativeCost 0.5
16:42:52.0 (74036774)|SOQL_EXECUTE_END|[86]|Rows:1
16:42:52.0 (74053261)|LIMIT_USAGE|[86]|SOQL_ROWS|1|50000
16:42:52.0 (74089112)|HEAP_ALLOCATE|[86]|Bytes:8
16:42:52.0 (74137355)|HEAP_ALLOCATE|[86]|Bytes:138
16:42:52.0 (74265732)|HEAP_ALLOCATE|[86]|Bytes:8
16:42:52.0 (74292354)|VARIABLE_SCOPE_BEGIN|[86]|ltl|List<TECH_Lead__c>|true|false
16:42:52.0 (74375166)|VARIABLE_ASSIGNMENT|[86]|ltl|[{"Id":"a0M1w000001fsAYEAY","TECH_Security_token__c":"b46b7ae8c71f363fd71b (44 more) ...","CreatedDate":"2020-08-07T16:41:13.000Z"}]|0x24913377
16:42:52.0 (74480113)|SYSTEM_METHOD_ENTRY|[90]|List<TECH_Lead__c>.size()
16:42:52.0 (74523650)|SYSTEM_METHOD_EXIT|[90]|List<TECH_Lead__c>.size()
16:42:52.0 (74538695)|STATEMENT_EXECUTE|[90]
16:42:52.0 (74542120)|STATEMENT_EXECUTE|[91]
16:42:52.0 (74558634)|HEAP_ALLOCATE|[91]|Bytes:16
16:42:52.0 (74573758)|SYSTEM_MODE_EXIT|true
16:42:52.0 (75087833)|METHOD_EXIT|[31]|01p0Y00000Odl8V|DM003_TechLead.getTechLeadWithSecurityToken(String)
16:42:52.0 (75106992)|VARIABLE_SCOPE_BEGIN|[31]|tl|TECH_Lead__c|true|false
16:42:52.0 (75160050)|VARIABLE_ASSIGNMENT|[31]|tl|{"Id":"a0M1w000001fsAYEAY","TECH_Security_token__c":"b46b7ae8c71f363fd71b (44 more) ...","CreatedDate":"2020-08-07T16:41:13.000Z"}|0x451e6c0f
16:42:52.0 (75171892)|STATEMENT_EXECUTE|[32]
16:42:52.0 (75196623)|METHOD_ENTRY|[32]|01p0Y00000Odl8y|EM005_TechLead.checkSecurityToken(TECH_Lead__c, String)
16:42:52.0 (75228694)|VARIABLE_SCOPE_BEGIN|[38]|techLead|TECH_Lead__c|true|false
16:42:52.0 (75257571)|VARIABLE_ASSIGNMENT|[38]|techLead|{"Id":"a0M1w000001fsAYEAY","TECH_Security_token__c":"b46b7ae8c71f363fd71b (44 more) ...","CreatedDate":"2020-08-07T16:41:13.000Z"}|0x451e6c0f
16:42:52.0 (75271440)|VARIABLE_SCOPE_BEGIN|[38]|token|String|false|false
16:42:52.0 (75291509)|VARIABLE_ASSIGNMENT|[38]|token|"b46b7ae8c71f363fd71b (43 more) ..."
16:42:52.0 (75312493)|HEAP_ALLOCATE|[39]|Bytes:5
16:42:52.0 (75321012)|STATEMENT_EXECUTE|[38]
16:42:52.0 (75323933)|STATEMENT_EXECUTE|[39]
16:42:52.0 (75331219)|VARIABLE_SCOPE_BEGIN|[39]|methodName|String|false|false
16:42:52.0 (75348218)|VARIABLE_ASSIGNMENT|[39]|methodName|"checkSecurityToken"
16:42:52.0 (75358266)|STATEMENT_EXECUTE|[40]
16:42:52.0 (75407596)|SYSTEM_METHOD_ENTRY|[40]|String.valueOf(Object)
16:42:52.0 (75509330)|HEAP_ALLOCATE|[40]|Bytes:158
16:42:52.0 (75532669)|SYSTEM_METHOD_EXIT|[40]|String.valueOf(Object)
16:42:52.0 (75543333)|HEAP_ALLOCATE|[40]|Bytes:169
16:42:52.0 (75557915)|METHOD_ENTRY|[40]|01p0Y00000Odl9g|ObjectUtil.debugLogBegin(String, String, String)
16:42:52.0 (75567790)|VARIABLE_SCOPE_BEGIN|[25]|className|String|false|false
16:42:52.0 (75586962)|VARIABLE_ASSIGNMENT|[25]|className|"EM005_TechLead"
16:42:52.0 (75594821)|VARIABLE_SCOPE_BEGIN|[25]|methodName|String|false|false
16:42:52.0 (75612011)|VARIABLE_ASSIGNMENT|[25]|methodName|"checkSecurityToken"
16:42:52.0 (75619739)|VARIABLE_SCOPE_BEGIN|[25]|theMessage|String|false|false
16:42:52.0 (75638405)|VARIABLE_ASSIGNMENT|[25]|theMessage|"[techLead]:TECH_Lead (149 more) ..."
16:42:52.0 (75648185)|STATEMENT_EXECUTE|[25]
16:42:52.0 (75651080)|STATEMENT_EXECUTE|[26]
16:42:52.0 (75661402)|METHOD_ENTRY|[26]|01p0Y00000Odl9g|ObjectUtil.debugLogBegin(System.LoggingLevel, String, String, String)
16:42:52.0 (75672248)|VARIABLE_SCOPE_BEGIN|[29]|level|System.LoggingLevel|true|false
16:42:52.0 (75699641)|VARIABLE_ASSIGNMENT|[29]|level|"DEBUG"|0x28ce34bd
16:42:52.0 (75714495)|VARIABLE_SCOPE_BEGIN|[29]|className|String|false|false
16:42:52.0 (75740910)|VARIABLE_ASSIGNMENT|[29]|className|"EM005_TechLead"
16:42:52.0 (75750889)|VARIABLE_SCOPE_BEGIN|[29]|methodName|String|false|false
16:42:52.0 (75766146)|VARIABLE_ASSIGNMENT|[29]|methodName|"checkSecurityToken"
16:42:52.0 (75776037)|VARIABLE_SCOPE_BEGIN|[29]|theMessage|String|false|false
16:42:52.0 (75792279)|VARIABLE_ASSIGNMENT|[29]|theMessage|"[techLead]:TECH_Lead (149 more) ..."
16:42:52.0 (75801086)|STATEMENT_EXECUTE|[29]
16:42:52.0 (75805718)|STATEMENT_EXECUTE|[30]
16:42:52.0 (75815208)|HEAP_ALLOCATE|[30]|Bytes:231
16:42:52.0 (75836951)|SYSTEM_METHOD_ENTRY|[30]|System.debug(APEX_OBJECT, ANY)
16:42:52.0 (75851916)|USER_DEBUG|[30]|DEBUG|## >> BEGIN [EM005_TechLead][checkSecurityToken][theMessage]: [techLead]:TECH_Lead__c:{Id=a0M1w000001fsAYEAY, TECH_Security_token__c=b46b7ae8c71f363fd71b70728ec52dae125b4e3580db5199f098374c5a2da4cf, CreatedDate=2020-08-07 16:41:13}
16:42:52.0 (75866683)|SYSTEM_METHOD_EXIT|[30]|System.debug(APEX_OBJECT, ANY)
16:42:52.0 (75877830)|METHOD_EXIT|[26]|01p0Y00000Odl9g|ObjectUtil.debugLogBegin(System.LoggingLevel, String, String, String)
16:42:52.0 (75889716)|METHOD_EXIT|[40]|01p0Y00000Odl9g|ObjectUtil.debugLogBegin(String, String, String)
16:42:52.0 (75898124)|STATEMENT_EXECUTE|[41]
16:42:52.0 (75905064)|VARIABLE_SCOPE_BEGIN|[41]|valid|Boolean|false|false
16:42:52.0 (75921386)|HEAP_ALLOCATE|[41]|Bytes:5
16:42:52.0 (75934029)|VARIABLE_ASSIGNMENT|[41]|valid|false
16:42:52.0 (75958704)|SYSTEM_METHOD_ENTRY|[42]|String.isEmpty(String)
16:42:52.0 (75982030)|SYSTEM_METHOD_EXIT|[42]|String.isEmpty(String)
16:42:52.0 (76046197)|SYSTEM_METHOD_ENTRY|[42]|String.startsWith(String)
16:42:52.0 (76060255)|SYSTEM_METHOD_EXIT|[42]|String.startsWith(String)
16:42:52.0 (76068457)|STATEMENT_EXECUTE|[42]
16:42:52.0 (76071743)|STATEMENT_EXECUTE|[48]
16:42:52.0 (76078402)|HEAP_ALLOCATE|[48]|Bytes:8
16:42:52.0 (76097536)|SYSTEM_METHOD_ENTRY|[48]|String.valueOf(Object)
16:42:52.0 (76111954)|HEAP_ALLOCATE|[48]|Bytes:5
16:42:52.0 (76127332)|SYSTEM_METHOD_EXIT|[48]|String.valueOf(Object)
16:42:52.0 (76134613)|HEAP_ALLOCATE|[48]|Bytes:13
16:42:52.0 (76150938)|METHOD_ENTRY|[48]|01p0Y00000Odl9g|ObjectUtil.debugLogEnd(String, String, String)
16:42:52.0 (76160550)|VARIABLE_SCOPE_BEGIN|[40]|className|String|false|false
16:42:52.0 (76185318)|VARIABLE_ASSIGNMENT|[40]|className|"EM005_TechLead"
16:42:52.0 (76193770)|VARIABLE_SCOPE_BEGIN|[40]|methodName|String|false|false
16:42:52.0 (76210732)|VARIABLE_ASSIGNMENT|[40]|methodName|"checkSecurityToken"
16:42:52.0 (76218137)|VARIABLE_SCOPE_BEGIN|[40]|message|String|false|false
16:42:52.0 (76235612)|VARIABLE_ASSIGNMENT|[40]|message|"[valid]:false"
16:42:52.0 (76245180)|STATEMENT_EXECUTE|[40]
16:42:52.0 (76247982)|STATEMENT_EXECUTE|[41]
16:42:52.0 (76260058)|METHOD_ENTRY|[41]|01p0Y00000Odl9g|ObjectUtil.debugLogEnd(System.LoggingLevel, String, String, String)
16:42:52.0 (76276250)|VARIABLE_SCOPE_BEGIN|[44]|level|System.LoggingLevel|true|false
16:42:52.0 (76299049)|VARIABLE_ASSIGNMENT|[44]|level|"DEBUG"|0x28ce34bd
16:42:52.0 (76312724)|VARIABLE_SCOPE_BEGIN|[44]|className|String|false|false
16:42:52.0 (76336851)|VARIABLE_ASSIGNMENT|[44]|className|"EM005_TechLead"
16:42:52.0 (76349526)|VARIABLE_SCOPE_BEGIN|[44]|methodName|String|false|false
16:42:52.0 (76380762)|VARIABLE_ASSIGNMENT|[44]|methodName|"checkSecurityToken"
16:42:52.0 (76392879)|VARIABLE_SCOPE_BEGIN|[44]|message|String|false|false
16:42:52.0 (76417431)|VARIABLE_ASSIGNMENT|[44]|message|"[valid]:false"
16:42:52.0 (76430076)|STATEMENT_EXECUTE|[44]
16:42:52.0 (76433585)|STATEMENT_EXECUTE|[45]
16:42:52.0 (76440518)|HEAP_ALLOCATE|[45]|Bytes:11
16:42:52.0 (76462358)|HEAP_ALLOCATE|[45]|Bytes:12
16:42:52.0 (76476457)|HEAP_ALLOCATE|[45]|Bytes:70
16:42:52.0 (76501311)|SYSTEM_METHOD_ENTRY|[45]|System.debug(APEX_OBJECT, ANY)
16:42:52.0 (76528050)|USER_DEBUG|[45]|DEBUG|## >> END [EM005_TechLead][checkSecurityToken][MESSAGE]: [valid]:false
16:42:52.0 (76538998)|SYSTEM_METHOD_EXIT|[45]|System.debug(APEX_OBJECT, ANY)
16:42:52.0 (76550983)|METHOD_EXIT|[41]|01p0Y00000Odl9g|ObjectUtil.debugLogEnd(System.LoggingLevel, String, String, String)
16:42:52.0 (76565470)|METHOD_EXIT|[48]|01p0Y00000Odl9g|ObjectUtil.debugLogEnd(String, String, String)
16:42:52.0 (76573707)|STATEMENT_EXECUTE|[49]
16:42:52.0 (76581015)|HEAP_ALLOCATE|[49]|Bytes:5
16:42:52.0 (76596848)|METHOD_EXIT|[32]|01p0Y00000Odl8y|EM005_TechLead.checkSecurityToken(TECH_Lead__c, String)
16:42:52.0 (76607733)|HEAP_ALLOCATE|[32]|Bytes:5
16:42:52.0 (76619334)|VARIABLE_ASSIGNMENT|[32]|valid|false
16:42:52.0 (76629525)|STATEMENT_EXECUTE|[34]
16:42:52.0 (76654337)|SYSTEM_METHOD_ENTRY|[34]|String.valueOf(Object)
16:42:52.0 (76671396)|HEAP_ALLOCATE|[34]|Bytes:5
16:42:52.0 (76684785)|SYSTEM_METHOD_EXIT|[34]|String.valueOf(Object)
16:42:52.0 (76693918)|HEAP_ALLOCATE|[34]|Bytes:13
16:42:52.0 (76702274)|METHOD_ENTRY|[34]|01p0Y00000Odl9g|ObjectUtil.debugLogEnd(String, String, String)
16:42:52.0 (76713316)|VARIABLE_SCOPE_BEGIN|[40]|className|String|false|false
16:42:52.0 (76729845)|VARIABLE_ASSIGNMENT|[40]|className|"EM005_TechLead"
16:42:52.0 (76739283)|VARIABLE_SCOPE_BEGIN|[40]|methodName|String|false|false
16:42:52.0 (76754365)|VARIABLE_ASSIGNMENT|[40]|methodName|"checkSecurityToken"
16:42:52.0 (76761665)|VARIABLE_SCOPE_BEGIN|[40]|message|String|false|false
16:42:52.0 (76778938)|VARIABLE_ASSIGNMENT|[40]|message|"[valid]:false"
16:42:52.0 (76787817)|STATEMENT_EXECUTE|[40]
16:42:52.0 (76790534)|STATEMENT_EXECUTE|[41]
16:42:52.0 (76798180)|METHOD_ENTRY|[41]|01p0Y00000Odl9g|ObjectUtil.debugLogEnd(System.LoggingLevel, String, String, String)
16:42:52.0 (76806503)|VARIABLE_SCOPE_BEGIN|[44]|level|System.LoggingLevel|true|false
16:42:52.0 (76825591)|VARIABLE_ASSIGNMENT|[44]|level|"DEBUG"|0x28ce34bd
16:42:52.0 (76835931)|VARIABLE_SCOPE_BEGIN|[44]|className|String|false|false
16:42:52.0 (76852693)|VARIABLE_ASSIGNMENT|[44]|className|"EM005_TechLead"
16:42:52.0 (76859892)|VARIABLE_SCOPE_BEGIN|[44]|methodName|String|false|false
16:42:52.0 (76874570)|VARIABLE_ASSIGNMENT|[44]|methodName|"checkSecurityToken"
16:42:52.0 (76883948)|VARIABLE_SCOPE_BEGIN|[44]|message|String|false|false
16:42:52.0 (76898414)|VARIABLE_ASSIGNMENT|[44]|message|"[valid]:false"
16:42:52.0 (76907860)|STATEMENT_EXECUTE|[44]
16:42:52.0 (76910600)|STATEMENT_EXECUTE|[45]
16:42:52.0 (76917335)|HEAP_ALLOCATE|[45]|Bytes:70
16:42:52.0 (76928436)|SYSTEM_METHOD_ENTRY|[45]|System.debug(APEX_OBJECT, ANY)
16:42:52.0 (76937306)|USER_DEBUG|[45]|DEBUG|## >> END [EM005_TechLead][checkSecurityToken][MESSAGE]: [valid]:false
16:42:52.0 (76946603)|SYSTEM_METHOD_EXIT|[45]|System.debug(APEX_OBJECT, ANY)
16:42:52.0 (76955140)|METHOD_EXIT|[41]|01p0Y00000Odl9g|ObjectUtil.debugLogEnd(System.LoggingLevel, String, String, String)
16:42:52.0 (76964588)|METHOD_EXIT|[34]|01p0Y00000Odl9g|ObjectUtil.debugLogEnd(String, String, String)
16:42:52.0 (76974069)|STATEMENT_EXECUTE|[35]
16:42:52.0 (76978623)|HEAP_ALLOCATE|[35]|Bytes:5
16:42:52.0 (76989069)|METHOD_EXIT|[54]|01p0Y00000Odl8y|EM005_TechLead.checkSecurityToken(String, String)
16:42:52.0 (76999646)|STATEMENT_EXECUTE|[54]
16:42:52.0 (77003785)|STATEMENT_EXECUTE|[63]
16:42:52.0 (77014590)|SYSTEM_MODE_EXIT|false
16:42:52.77 (77052796)|CUMULATIVE_LIMIT_USAGE
16:42:52.77 (77052796)|LIMIT_USAGE_FOR_NS|(default)|
  Number of SOQL queries: 1 out of 100
  Number of query rows: 1 out of 50000
  Number of SOSL queries: 0 out of 20
  Number of DML statements: 0 out of 150
  Number of DML rows: 0 out of 10000
  Maximum CPU time: 0 out of 10000
  Maximum heap size: 0 out of 6000000
  Number of callouts: 0 out of 100
  Number of Email Invocations: 0 out of 10
  Number of future calls: 0 out of 50
  Number of queueable jobs added to the queue: 0 out of 50
  Number of Mobile Apex push calls: 0 out of 10

16:42:52.77 (77052796)|TOTAL_EMAIL_RECIPIENTS_QUEUED|0
16:42:52.77 (77052796)|STATIC_VARIABLE_LIST|
  int:BYTES:0
  int:BYTES:0
  byte[]:DigitOnes:0
  byte[]:DigitTens:0
  Boolean:FALSE:0
  int:MAX_EXPONENT:0
  double:MAX_VALUE:0
  int:MAX_VALUE:0
  int:MIN_EXPONENT:0
  double:MIN_NORMAL:0
  double:MIN_VALUE:0
  int:MIN_VALUE:0
  double:NEGATIVE_INFINITY:0
  double:NaN:0
  double:POSITIVE_INFINITY:0
  int:SIZE:0
  int:SIZE:0
  Boolean:TRUE:0
  String:__sfdcInnerTypes:0
  String:__sfdcInnerTypes:0
  String:_sfdcAdditionalCodeLocations:0
  String:_sfdcAdditionalCodeLocations:0
  String:_sfdcAdditionalCodeLocations:0
  String:_sfdcAdditionalCodeLocations:0
  String:_sfdcAdditionalCodeLocations:0
  String:_sfdcAdditionalCodeLocations:0
  String:_sfdcSuppressedCodeLocations:0
  String:_sfdcSuppressedCodeLocations:0
  String:_static_CLASS_NAME:0
  String:_static_CLASS_NAME:0
  String:_static_CLASS_NAME:0
  String:_static_CLASS_NAME:0
  String:_static_DEALER_TYPE_1:0
  String:_static_ERROR_ANONYMOUS_EXISTS:0
  String:_static_ERROR_CUSTOMER_EXISTS:0
  String:_static_LEAD_NATURE_FINANCIAL_SOL:0
  String:_static_LEAD_ORIGIN_WEB:0
  String:_static_LEAD_TYPE_PARTICULAR:0
  String:_static_OBJECT_NAME:0
  String:_static_SALUTATION_MR:0
  String:_static_SALUTATION_MRS:0
  String:_static_SALUTATION_MS:0
  String:_static_SEND_WELCOME_MAIL_SEND:0
  String:_static_STATUS_CONVERTED:0
  String:_static_STATUS_IN_PROGRESS:0
  String:_static_STATUS_NEW:0
  String:_static_STATUS_QUALIFIED:0
  Map<String,Schema.SObjectType>:_static_schemaMap:0
  char[]:digits:0
  long:serialVersionUID:0
  long:serialVersionUID:0
  long:serialVersionUID:0
  int[]:sizeTable:0

16:42:52.77 (77052796)|CUMULATIVE_LIMIT_USAGE_END

16:42:52.0 (77236729)|CODE_UNIT_FINISHED|LightningSelfRegisterController.upsertLead(TECH_Lead__c, String)
16:42:52.0 (77387475)|CODE_UNIT_FINISHED|Aura
16:42:52.0 (77395493)|EXECUTION_FINISHED
16:42:52.79 (79531985)|CUMULATIVE_PROFILING_BEGIN
16:42:52.79 (79531985)|CUMULATIVE_PROFILING|No profiling information for SOQL operations
16:42:52.79 (79531985)|CUMULATIVE_PROFILING|No profiling information for SOSL operations
16:42:52.79 (79531985)|CUMULATIVE_PROFILING|No profiling information for DML operations
16:42:52.79 (79531985)|CUMULATIVE_PROFILING|No profiling information for method invocations
16:42:52.79 (79531985)|CUMULATIVE_PROFILING_END
