41.0 APEX_CODE,FINEST;APEX_PROFILING,FINEST;CALLOUT,FINEST;DB,FINEST;NBA,INFO;SYSTEM,FINE;VALIDATION,INFO;VISUALFORCE,FINER;WAVE,FINEST;WORKFLOW,FINER
16:42:19.0 (553088)|USER_INFO|[EXTERNAL]|0051n000004JSTA|customfr@psa-finance.force.com.bugfix|Heure de Greenwich|GMTZ
16:42:19.0 (618517)|EXECUTION_STARTED
16:42:19.0 (627132)|CODE_UNIT_STARTED|[EXTERNAL]|0661n000006Iecg|VF: /apex/VF002_GoogleCapcha_FR
16:42:19.0 (85643703)|VF_EVALUATE_FORMULA_BEGIN|0661n000006Iecg|#{$Setup.Miscellaneous__c.Disable_reCaptcha__c == false}
16:42:19.0 (90140459)|VF_EVALUATE_FORMULA_END
16:42:19.0 (91302243)|VF_EVALUATE_FORMULA_BEGIN|0661n000006Iecg|#{$Setup.Miscellaneous__c.Disable_reCaptcha__c == false}
16:42:19.0 (91750510)|VF_EVALUATE_FORMULA_END
16:42:19.0 (91764722)|VF_EVALUATE_FORMULA_BEGIN|0661n000006Iecg|#{$Setup.Miscellaneous__c.Disable_reCaptcha__c == false}
16:42:19.0 (92109399)|VF_EVALUATE_FORMULA_END
16:42:19.0 (92123932)|VF_EVALUATE_FORMULA_BEGIN|0661n000006Iecg|#{$Setup.Miscellaneous__c.Disable_reCaptcha__c == false}
16:42:19.0 (92484723)|VF_EVAL
16:42:19.0 (92562743)|VF_EVALUATE_FORMULA_BEGIN|0661n000006Iecg|#{$Setup.Miscellaneous__c.Disable_reCaptcha__c == false}
16:42:19.0 (92933131)|VF_EVALUATE_FORMULA_END
16:42:19.0 (424292611)|VF_EVALUATE_FORMULA_BEGIN|0661n000006Iecg|#{$Setup.Miscellaneous__c.Disable_reCaptcha__c == false}
16:42:19.0 (424903577)|VF_EVALUATE_FORMULA_END
16:42:19.0 (424932928)|VF_EVALUATE_FORMULA_BEGIN|0661n000006Iecg|#{$Setup.Miscellaneous__c.Disable_reCaptcha__c == false}
16:42:19.0 (425439699)|VF_EVALUATE_FORMULA_END
16:42:19.0 (426528624)|VF_EVALUATE_FORMULA_BEGIN|0661n000006Iecg|#{$Setup.Miscellaneous__c.Disable_reCaptcha__c == false}
16:42:19.0 (426964449)|VF_EVALUATE_FORMULA_END
16:42:19.0 (427524227)|VF_SERIALIZE_VIEWSTATE_BEGIN|0661n000006Iecg
16:42:19.0 (430129727)|VF_SERIALIZE_VIEWSTATE_END
16:42:19.0 (432188829)|VF_EVALUATE_FORMULA_BEGIN|0661n000006Iecg|#{$Setup.Miscellaneous__c.Disable_reCaptcha__c == false}
16:42:19.0 (432702766)|VF_EVALUATE_FORMULA_END
16:42:19.434 (434976808)|CUMULATIVE_LIMIT_USAGE
16:42:19.434 (434976808)|LIMIT_USAGE_FOR_NS|(default)|
  Number of SOQL queries: 0 out of 100
  Number of query rows: 0 out of 50000
  Number of SOSL queries: 0 out of 20
  Number of DML statements: 0 out of 150
  Number of DML rows: 0 out of 10000
  Maximum CPU time: 0 out of 10000
  Maximum heap size: 0 out of 6000000
  Number of callouts: 0 out of 100
  Number of Email Invocations: 0 out of 10
  Number of future calls: 0 out of 50
  Number of queueable jobs added to the queue: 0 out of 50
  Number of Mobile Apex push calls: 0 out of 10

16:42:19.434 (434976808)|TOTAL_EMAIL_RECIPIENTS_QUEUED|0
16:42:19.434 (434976808)|CUMULATIVE_LIMIT_USAGE_END

16:42:19.0 (435048186)|CODE_UNIT_FINISHED|VF: /apex/VF002_GoogleCapcha_FR
16:42:19.0 (435065232)|EXECUTION_FINISHED
16:42:19.436 (436196855)|CUMULATIVE_PROFILING_BEGIN
16:42:19.436 (436196855)|CUMULATIVE_PROFILING|No profiling information for SOQL operations
16:42:19.436 (436196855)|CUMULATIVE_PROFILING|No profiling information for SOSL operations
16:42:19.436 (436196855)|CUMULATIVE_PROFILING|No profiling information for DML operations
16:42:19.436 (436196855)|CUMULATIVE_PROFILING|No profiling information for method invocations
16:42:19.436 (436196855)|CUMULATIVE_PROFILING_END
